::1 - - [20/Jan/2020:11:06:30 +0000] "GET /wp-content/themes/oceanwp/assets/fonts/fontawesome/css/all.min.css?ver=5.11.2 HTTP/1.1" 304 -
::1 - - [20/Jan/2020:11:06:30 +0000] "GET /wp-content/plugins/elementor/assets/css/common.min.css?ver=2.8.3 HTTP/1.1" 304 -
::1 - - [20/Jan/2020:11:06:30 +0000] "GET /wp-content/plugins/woocommerce/packages/woocommerce-blocks/build/style.css?ver=2.4.5 HTTP/1.1" 304 -
::1 - - [20/Jan/2020:11:06:30 +0000] "GET /wp-content/themes/oceanwp/assets/css/third/simple-line-icons.min.css?ver=2.4.0 HTTP/1.1" 304 -
::1 - - [20/Jan/2020:11:06:30 +0000] "GET /wp-content/plugins/elementor/assets/lib/eicons/css/elementor-icons.min.css?ver=5.5.0 HTTP/1.1" 304 -
::1 - - [20/Jan/2020:11:06:30 +0000] "GET /wp-content/themes/oceanwp/assets/css/style.min.css?ver=1.7.4 HTTP/1.1" 304 -
::1 - - [20/Jan/2020:11:06:30 +0000] "GET /wp-content/themes/oceanwp/assets/css/woo/woo-mini-cart.min.css?ver=5.3.2 HTTP/1.1" 304 -
::1 - - [20/Jan/2020:11:06:30 +0000] "GET /wp-content/themes/oceanwp/assets/css/third/magnific-popup.min.css?ver=1.0.0 HTTP/1.1" 304 -
::1 - - [20/Jan/2020:11:06:30 +0000] "GET /wp-content/themes/oceanwp/assets/css/third/slick.min.css?ver=1.6.0 HTTP/1.1" 304 -
::1 - - [20/Jan/2020:11:06:30 +0000] "GET /wp-content/themes/oceanwp/assets/css/woo/woocommerce.min.css?ver=5.3.2 HTTP/1.1" 304 -
::1 - - [20/Jan/2020:11:06:30 +0000] "GET /wp-content/plugins/elementor/assets/css/frontend.min.css?ver=2.8.3 HTTP/1.1" 304 -
::1 - - [20/Jan/2020:11:06:30 +0000] "GET /wp-content/plugins/elementor/assets/lib/animations/animations.min.css?ver=2.8.3 HTTP/1.1" 304 -
::1 - - [20/Jan/2020:11:06:30 +0000] "GET /wp-content/plugins/ocean-extra/assets/css/widgets.css?ver=5.3.2 HTTP/1.1" 304 -
::1 - - [20/Jan/2020:11:06:30 +0000] "GET /wp-content/themes/oceanwp/assets/css/woo/woo-star-font.min.css?ver=5.3.2 HTTP/1.1" 304 -
::1 - - [20/Jan/2020:11:06:30 +0000] "GET /wp-content/themes/oceanwp/assets/css/woo/woo-quick-view.min.css?ver=5.3.2 HTTP/1.1" 304 -
::1 - - [20/Jan/2020:11:06:30 +0000] "GET /wp-content/uploads/elementor/css/post-33.css?ver=1579305353 HTTP/1.1" 304 -
::1 - - [20/Jan/2020:11:06:30 +0000] "GET /wp-content/uploads/elementor/css/global.css?ver=1578826834 HTTP/1.1" 304 -
::1 - - [20/Jan/2020:11:06:31 +0000] "GET /wp-content/plugins/elementor/assets/lib/font-awesome/css/fontawesome.min.css?ver=5.9.0 HTTP/1.1" 304 -
::1 - - [20/Jan/2020:11:06:31 +0000] "GET /wp-content/plugins/elementor/assets/lib/font-awesome/css/brands.min.css?ver=5.9.0 HTTP/1.1" 304 -
::1 - - [20/Jan/2020:11:06:34 +0000] "GET /wp-content/uploads/2020/01/cropped-vungu-horizontalbb-1536x402.png HTTP/1.1" 304 -
::1 - - [20/Jan/2020:11:06:34 +0000] "GET /wp-content/uploads/2020/01/yamaha-dtx430k-e-drumset-_1_DRU0026584-000.jpg HTTP/1.1" 304 -
::1 - - [20/Jan/2020:11:06:34 +0000] "GET /wp-content/uploads/2020/01/yamaha-dtx430k-e-drumset-_14_DRU0026584-000.jpg HTTP/1.1" 304 -
::1 - - [20/Jan/2020:11:06:34 +0000] "GET /wp-content/uploads/2020/01/mapex-tornado-komplettset-junior-tnd5844ftc-black_1_DRU0025865-000-400x400.jpg HTTP/1.1" 304 -
::1 - - [20/Jan/2020:11:06:34 +0000] "GET /wp-content/uploads/2020/01/mapex-tornado-komplettset-junior-tnd5844ftc-black_2_DRU0025865-000.jpg HTTP/1.1" 304 -
::1 - - [20/Jan/2020:11:06:34 +0000] "GET /wp-content/uploads/2020/01/produtoBateria1-400x262.jpg HTTP/1.1" 304 -
::1 - - [20/Jan/2020:11:06:34 +0000] "GET /wp-content/uploads/2020/01/fame-5-pc-.jpg HTTP/1.1" 304 -
::1 - - [20/Jan/2020:11:06:35 +0000] "GET /wp-content/uploads/2020/01/yamaha.jpg HTTP/1.1" 304 -
::1 - - [20/Jan/2020:11:06:11 +0000] "GET / HTTP/1.1" 200 155588
::1 - - [20/Jan/2020:11:06:35 +0000] "GET /wp-content/uploads/2020/01/yamaha-f310_5ac4e6ae4dad1-400x165.jpg HTTP/1.1" 304 -
::1 - - [20/Jan/2020:11:06:35 +0000] "GET /wp-content/uploads/2020/01/charvel-pro-mod-san-dimas-st-2-hhhtash_5cdd4c843ffb6.jpg HTTP/1.1" 304 -
::1 - - [20/Jan/2020:11:06:35 +0000] "GET /wp-content/uploads/2020/01/charvel-pro-mod-san-dimas-st-2-hhhtash_5cdd4c85136b7.jpg HTTP/1.1" 304 -
::1 - - [20/Jan/2020:11:06:35 +0000] "GET /wp-content/uploads/2020/01/Jack-Danny-SH-40-TA-Trans-Amber_1280-400x150.jpg HTTP/1.1" 304 -
::1 - - [20/Jan/2020:11:06:35 +0000] "GET /wp-content/uploads/2020/01/j-und-d-e-gitarre-sh-40-ta-transparent-amber_2_GIT0016579-000.jpg HTTP/1.1" 304 -
::1 - - [20/Jan/2020:11:06:35 +0000] "GET /wp-content/uploads/2020/01/yamaha-pss-a50_1_KEY0005126-000-400x400.jpg HTTP/1.1" 304 -
::1 - - [20/Jan/2020:11:06:35 +0000] "GET /wp-content/uploads/2020/01/yamaha-pss-a50_2_KEY0005126-000.jpg HTTP/1.1" 304 -
::1 - - [20/Jan/2020:11:06:36 +0000] "GET /wp-content/uploads/2020/01/fame-dp-4000-wh-complete-set_1_EPI608-400x400.jpg HTTP/1.1" 304 -
::1 - - [20/Jan/2020:11:06:36 +0000] "GET /wp-content/uploads/2020/01/yamaha-psr-e263-set_5928355556fd9.jpg HTTP/1.1" 304 -
::1 - - [20/Jan/2020:11:06:36 +0000] "GET /wp-content/uploads/2020/01/fame-dp-2000-wh-complete-set_1_EPI603-400x400.jpg HTTP/1.1" 304 -
::1 - - [20/Jan/2020:11:06:36 +0000] "GET /wp-content/uploads/2020/01/yamaha-pack-teclado-psr-e263-suporte_5ba35d8ca82ce.jpg HTTP/1.1" 304 -
::1 - - [20/Jan/2020:11:06:36 +0000] "GET /wp-content/uploads/2020/01/fabries-music-1170946.jpg HTTP/1.1" 304 -
::1 - - [20/Jan/2020:11:06:36 +0000] "GET /wp-content/themes/oceanwp/assets/fonts/fontawesome/webfonts/fa-solid-900.woff2 HTTP/1.1" 304 -
::1 - - [20/Jan/2020:11:06:36 +0000] "GET /wp-content/themes/oceanwp/assets/fonts/simple-line-icons/Simple-Line-Icons.woff2?v=2.4.0 HTTP/1.1" 304 -
::1 - - [20/Jan/2020:11:06:36 +0000] "GET /wp-content/themes/oceanwp/assets/fonts/star/star.woff HTTP/1.1" 304 -
::1 - - [20/Jan/2020:11:06:36 +0000] "GET /wp-content/plugins/elementor/assets/lib/font-awesome/webfonts/fa-brands-400.woff2 HTTP/1.1" 304 -
::1 - - [20/Jan/2020:11:06:37 +0000] "GET /wp-includes/js/hoverintent-js.min.js?ver=2.2.1 HTTP/1.1" 304 -
::1 - - [20/Jan/2020:11:06:37 +0000] "GET /wp-content/plugins/woocommerce/assets/js/jquery-blockui/jquery.blockUI.min.js?ver=2.70 HTTP/1.1" 304 -
::1 - - [20/Jan/2020:11:06:37 +0000] "GET /wp-includes/js/admin-bar.min.js?ver=5.3.2 HTTP/1.1" 304 -
::1 - - [20/Jan/2020:11:06:37 +0000] "GET /wp-content/plugins/woocommerce/assets/js/js-cookie/js.cookie.min.js?ver=2.1.4 HTTP/1.1" 304 -
::1 - - [20/Jan/2020:11:06:37 +0000] "GET /wp-content/plugins/woocommerce/assets/js/frontend/add-to-cart.min.js?ver=3.8.1 HTTP/1.1" 304 -
::1 - - [20/Jan/2020:11:06:37 +0000] "GET /wp-content/plugins/woocommerce/assets/js/frontend/woocommerce.min.js?ver=3.8.1 HTTP/1.1" 304 -
::1 - - [20/Jan/2020:11:06:37 +0000] "GET /wp-content/plugins/woocommerce/assets/js/frontend/cart-fragments.min.js?ver=3.8.1 HTTP/1.1" 304 -
::1 - - [20/Jan/2020:11:06:37 +0000] "GET /wp-content/themes/oceanwp/assets/js/third/woo/woo-scripts.min.js?ver=1.7.4 HTTP/1.1" 304 -
::1 - - [20/Jan/2020:11:06:37 +0000] "GET /wp-content/themes/oceanwp/assets/js/main.min.js?ver=1.7.4 HTTP/1.1" 304 -
::1 - - [20/Jan/2020:11:06:37 +0000] "GET /wp-content/themes/oceanwp/assets/js/third/magnific-popup.min.js?ver=1.7.4 HTTP/1.1" 304 -
::1 - - [20/Jan/2020:11:06:37 +0000] "GET /wp-content/themes/oceanwp/assets/js/third/lightbox.min.js?ver=1.7.4 HTTP/1.1" 304 -
::1 - - [20/Jan/2020:11:06:37 +0000] "GET /wp-content/themes/oceanwp/assets/js/third/woo/woo-quick-view.min.js?ver=1.7.4 HTTP/1.1" 304 -
::1 - - [20/Jan/2020:11:06:38 +0000] "GET /wp-content/plugins/woocommerce/assets/js/flexslider/jquery.flexslider.min.js?ver=2.7.2 HTTP/1.1" 304 -
::1 - - [20/Jan/2020:11:06:38 +0000] "GET /wp-content/themes/oceanwp/assets/js/third/woo/woo-mini-cart.min.js?ver=1.7.4 HTTP/1.1" 304 -
::1 - - [20/Jan/2020:11:06:38 +0000] "GET /wp-content/plugins/woocommerce/assets/js/frontend/add-to-cart-variation.min.js?ver=3.8.1 HTTP/1.1" 304 -
::1 - - [20/Jan/2020:11:06:38 +0000] "GET /wp-content/plugins/elementor/assets/lib/backbone/backbone.marionette.min.js?ver=2.4.5 HTTP/1.1" 304 -
::1 - - [20/Jan/2020:11:06:38 +0000] "GET /wp-content/plugins/elementor/assets/lib/backbone/backbone.radio.min.js?ver=1.0.4 HTTP/1.1" 304 -
::1 - - [20/Jan/2020:11:06:38 +0000] "GET /wp-content/plugins/elementor/assets/lib/dialog/dialog.min.js?ver=4.7.3 HTTP/1.1" 304 -
::1 - - [20/Jan/2020:11:06:38 +0000] "GET /wp-content/plugins/elementor/assets/lib/waypoints/waypoints.min.js?ver=4.0.2 HTTP/1.1" 304 -
::1 - - [20/Jan/2020:11:06:37 +0000] "GET /wp-content/plugins/mystickymenu/js/detectmobilebrowser.js?ver=2.3.2 HTTP/1.1" 304 -
::1 - - [20/Jan/2020:11:06:37 +0000] "GET /wp-content/plugins/mystickymenu/js/mystickymenu.min.js?ver=2.3.2 HTTP/1.1" 304 -
::1 - - [20/Jan/2020:11:06:38 +0000] "GET /wp-content/plugins/elementor/assets/lib/swiper/swiper.min.js?ver=4.4.6 HTTP/1.1" 304 -
::1 - - [20/Jan/2020:11:06:38 +0000] "GET /wp-content/plugins/elementor/assets/js/common-modules.min.js?ver=2.8.3 HTTP/1.1" 304 -
::1 - - [20/Jan/2020:11:06:38 +0000] "GET /wp-content/plugins/elementor/assets/js/frontend-modules.min.js?ver=2.8.3 HTTP/1.1" 304 -
::1 - - [20/Jan/2020:11:06:38 +0000] "GET /wp-content/plugins/elementor/assets/js/common.min.js?ver=2.8.3 HTTP/1.1" 304 -
::1 - - [20/Jan/2020:11:06:38 +0000] "GET /wp-content/plugins/elementor/assets/js/frontend.min.js?ver=2.8.3 HTTP/1.1" 304 -
::1 - - [20/Jan/2020:11:06:38 +0000] "GET /wp-content/uploads/2020/01/botaogita.jpg HTTP/1.1" 304 -
::1 - - [20/Jan/2020:11:06:38 +0000] "GET /wp-content/uploads/2020/01/btBbateria.jpeg HTTP/1.1" 304 -
::1 - - [20/Jan/2020:11:06:38 +0000] "GET /wp-content/uploads/2020/01/btPiano.jpeg HTTP/1.1" 304 -
::1 - - [20/Jan/2020:11:06:38 +0000] "GET /wp-content/plugins/elementor/assets/lib/eicons/fonts/eicons.woff2?5.5.0 HTTP/1.1" 304 -
::1 - - [20/Jan/2020:11:06:31 +0000] "POST /wp-admin/admin-ajax.php?action=wp_1_wc_privacy_cleanup&nonce=c1eea12265 HTTP/1.1" 200 -
::1 - - [20/Jan/2020:11:06:38 +0000] "POST /?wc-ajax=get_refreshed_fragments HTTP/1.1" 200 1092
::1 - - [20/Jan/2020:11:06:25 +0000] "POST /wp-cron.php?doing_wp_cron=1579518385.5726530551910400390625 HTTP/1.1" 200 -
::1 - - [20/Jan/2020:11:07:12 +0000] "GET /loja/ HTTP/1.1" 200 23581
::1 - - [20/Jan/2020:11:07:15 +0000] "GET /categoria-produto/guitarra/ HTTP/1.1" 200 23615
::1 - - [20/Jan/2020:11:07:19 +0000] "GET /categoria-produto/guitarra/ HTTP/1.1" 200 71567
::1 - - [20/Jan/2020:11:07:21 +0000] "GET /wp-content/plugins/woocommerce/assets/js/jquery-ui-touch-punch/jquery-ui-touch-punch.min.js?ver=3.8.1 HTTP/1.1" 304 -
::1 - - [20/Jan/2020:11:07:21 +0000] "GET /wp-content/plugins/woocommerce/assets/js/accounting/accounting.min.js?ver=0.4.2 HTTP/1.1" 304 -
::1 - - [20/Jan/2020:11:07:21 +0000] "GET /wp-content/themes/oceanwp/assets/fonts/fontawesome/webfonts/fa-brands-400.woff2 HTTP/1.1" 304 -
::1 - - [20/Jan/2020:11:07:21 +0000] "GET /wp-content/plugins/woocommerce/assets/js/frontend/price-slider.min.js?ver=3.8.1 HTTP/1.1" 304 -
::1 - - [20/Jan/2020:11:07:20 +0000] "POST /wp-cron.php?doing_wp_cron=1579518440.5875210762023925781250 HTTP/1.1" 200 -
::1 - - [20/Jan/2020:11:07:22 +0000] "POST /?wc-ajax=get_refreshed_fragments HTTP/1.1" 200 1092
::1 - - [20/Jan/2020:11:07:25 +0000] "GET /categoria-produto/pianos/ HTTP/1.1" 200 72309
::1 - - [20/Jan/2020:11:07:34 +0000] "GET /wp-content/plugins/woocommerce/assets/css/photoswipe/photoswipe.css?ver=3.8.1 HTTP/1.1" 304 -
::1 - - [20/Jan/2020:11:07:34 +0000] "GET /wp-content/plugins/woocommerce/assets/css/photoswipe/default-skin/default-skin.css?ver=3.8.1 HTTP/1.1" 304 -
::1 - - [20/Jan/2020:11:07:34 +0000] "GET /wp-content/themes/oceanwp/assets/css/woo/woo-floating-bar.min.css?ver=5.3.2 HTTP/1.1" 304 -
::1 - - [20/Jan/2020:11:07:34 +0000] "GET /wp-content/uploads/2020/01/fame-dp-4000-wh-complete-set_1_EPI608-600x600.jpg HTTP/1.1" 304 -
::1 - - [20/Jan/2020:11:07:34 +0000] "GET /wp-content/uploads/2020/01/yamaha-psr-e263-set_5928355556fd9-100x100.jpg HTTP/1.1" 304 -
::1 - - [20/Jan/2020:11:07:34 +0000] "GET /wp-content/uploads/2020/01/fame-dp-4000-bk-digitalpiano_9_EPI0000904-000.jpg HTTP/1.1" 304 -
::1 - - [20/Jan/2020:11:07:34 +0000] "GET /wp-content/uploads/2020/01/fame-dp-2000-wh-complete-set_1_EPI603-600x600.jpg HTTP/1.1" 304 -
::1 - - [20/Jan/2020:11:07:34 +0000] "GET /wp-content/uploads/2020/01/fame-dp-4000-bk-digitalpiano_2_EPI0000904-000.jpg HTTP/1.1" 304 -
::1 - - [20/Jan/2020:11:07:34 +0000] "GET /wp-content/uploads/2020/01/fame-dp-4000-bk-digitalpiano_8_EPI0000904-000.jpg HTTP/1.1" 304 -
::1 - - [20/Jan/2020:11:07:34 +0000] "GET /wp-content/uploads/2020/01/fame-dp-4000-bk-digitalpiano_7_EPI0000904-000.jpg HTTP/1.1" 304 -
::1 - - [20/Jan/2020:11:07:34 +0000] "GET /wp-content/uploads/2020/01/btPiano-1-600x600.jpg HTTP/1.1" 304 -
::1 - - [20/Jan/2020:11:07:35 +0000] "GET /wp-content/plugins/woocommerce/assets/js/zoom/jquery.zoom.min.js?ver=1.7.21 HTTP/1.1" 304 -
::1 - - [20/Jan/2020:11:07:35 +0000] "GET /wp-content/plugins/woocommerce/assets/js/photoswipe/photoswipe.min.js?ver=4.1.1 HTTP/1.1" 304 -
::1 - - [20/Jan/2020:11:07:35 +0000] "GET /wp-content/plugins/woocommerce/assets/js/photoswipe/photoswipe-ui-default.min.js?ver=4.1.1 HTTP/1.1" 304 -
::1 - - [20/Jan/2020:11:07:32 +0000] "GET /produto/teclado/ HTTP/1.1" 200 100226
::1 - - [20/Jan/2020:11:07:35 +0000] "GET /wp-content/themes/oceanwp/assets/js/third/woo/woo-floating-bar.min.js?ver=1.7.4 HTTP/1.1" 304 -
::1 - - [20/Jan/2020:11:07:35 +0000] "GET /wp-content/plugins/woocommerce/assets/js/frontend/single-product.min.js?ver=3.8.1 HTTP/1.1" 304 -
::1 - - [20/Jan/2020:11:07:35 +0000] "GET /wp-content/uploads/2020/01/fame-dp-4000-wh-complete-set_1_EPI608-100x100.jpg HTTP/1.1" 304 -
::1 - - [20/Jan/2020:11:07:35 +0000] "GET /wp-content/uploads/2020/01/fame-dp-2000-wh-complete-set_1_EPI603-100x100.jpg HTTP/1.1" 304 -
::1 - - [20/Jan/2020:11:07:35 +0000] "GET /wp-content/uploads/2020/01/fame-dp-4000-bk-digitalpiano_9_EPI0000904-000-100x100.jpg HTTP/1.1" 304 -
::1 - - [20/Jan/2020:11:07:35 +0000] "GET /wp-content/uploads/2020/01/fame-dp-4000-bk-digitalpiano_2_EPI0000904-000-100x100.jpg HTTP/1.1" 304 -
::1 - - [20/Jan/2020:11:07:35 +0000] "GET /wp-content/uploads/2020/01/fame-dp-4000-bk-digitalpiano_7_EPI0000904-000-100x100.jpg HTTP/1.1" 304 -
::1 - - [20/Jan/2020:11:07:35 +0000] "GET /wp-content/uploads/2020/01/fame-dp-4000-bk-digitalpiano_8_EPI0000904-000-100x100.jpg HTTP/1.1" 304 -
::1 - - [20/Jan/2020:11:07:35 +0000] "GET /wp-content/uploads/2020/01/fame-dp-4000-wh-complete-set_1_EPI608.jpg HTTP/1.1" 304 -
::1 - - [20/Jan/2020:11:07:35 +0000] "GET /wp-content/uploads/2020/01/btPiano-1-100x100.jpg HTTP/1.1" 304 -
::1 - - [20/Jan/2020:11:08:04 +0000] "POST /produto/teclado/ HTTP/1.1" 200 100484
::1 - - [20/Jan/2020:11:08:07 +0000] "POST /?wc-ajax=get_refreshed_fragments HTTP/1.1" 200 3957
::1 - - [20/Jan/2020:11:08:51 +0000] "POST /produto/teclado/ HTTP/1.1" 200 100484
::1 - - [20/Jan/2020:11:08:53 +0000] "POST /wp-cron.php?doing_wp_cron=1579518533.1172881126403808593750 HTTP/1.1" 200 -
::1 - - [20/Jan/2020:11:08:54 +0000] "POST /?wc-ajax=get_refreshed_fragments HTTP/1.1" 200 3957
::1 - - [20/Jan/2020:11:08:58 +0000] "GET /wp-content/plugins/woocommerce/assets/css/select2.css?ver=3.8.1 HTTP/1.1" 304 -
::1 - - [20/Jan/2020:11:08:58 +0000] "GET /wp-content/plugins/woocommerce/assets/js/selectWoo/selectWoo.full.min.js?ver=1.0.6 HTTP/1.1" 304 -
::1 - - [20/Jan/2020:11:08:56 +0000] "GET /carrinho/ HTTP/1.1" 200 72391
::1 - - [20/Jan/2020:11:08:58 +0000] "GET /wp-content/plugins/woocommerce/assets/js/frontend/country-select.min.js?ver=3.8.1 HTTP/1.1" 304 -
::1 - - [20/Jan/2020:11:08:58 +0000] "GET /wp-content/plugins/woocommerce/assets/js/frontend/address-i18n.min.js?ver=3.8.1 HTTP/1.1" 304 -
::1 - - [20/Jan/2020:11:08:58 +0000] "GET /wp-content/plugins/woocommerce/assets/js/frontend/cart.min.js?ver=3.8.1 HTTP/1.1" 304 -
::1 - - [20/Jan/2020:11:09:09 +0000] "GET /finalizar-compra/ HTTP/1.1" 200 89943
::1 - - [20/Jan/2020:11:09:11 +0000] "GET /wp-content/plugins/woocommerce/includes/gateways/paypal/assets/images/paypal.png HTTP/1.1" 304 -
::1 - - [20/Jan/2020:11:09:11 +0000] "GET /wp-content/plugins/woocommerce/assets/js/frontend/checkout.min.js?ver=3.8.1 HTTP/1.1" 304 -
::1 - - [20/Jan/2020:11:09:12 +0000] "GET /wp-content/themes/oceanwp/assets/fonts/fontawesome/webfonts/fa-regular-400.woff2 HTTP/1.1" 304 -
::1 - - [20/Jan/2020:11:09:12 +0000] "POST /?wc-ajax=update_order_review HTTP/1.1" 200 12080
::1 - - [20/Jan/2020:11:09:25 +0000] "POST /?wc-ajax=checkout HTTP/1.1" 200 1021
::1 - - [20/Jan/2020:11:09:39 +0000] "GET /finalizar-compra/ HTTP/1.1" 200 89943
::1 - - [20/Jan/2020:11:09:43 +0000] "POST /?wc-ajax=update_order_review HTTP/1.1" 200 12080
::1 - - [20/Jan/2020:11:09:45 +0000] "POST /wp-cron.php?doing_wp_cron=1579518585.0696940422058105468750 HTTP/1.1" 200 -
::1 - - [20/Jan/2020:11:09:55 +0000] "GET /carrinho/ HTTP/1.1" 200 72410
::1 - - [20/Jan/2020:11:10:11 +0000] "GET /wp-content/plugins/ocean-extra/assets/css/admin.min.css?ver=5.3.2 HTTP/1.1" 304 -
::1 - - [20/Jan/2020:11:10:11 +0000] "GET /wp-content/plugins/ocean-extra/includes/panel/assets/css/notice.min.css?ver=5.3.2 HTTP/1.1" 304 -
::1 - - [20/Jan/2020:11:10:11 +0000] "GET /wp-content/plugins/elementor/assets/css/admin.min.css?ver=2.8.3 HTTP/1.1" 304 -
::1 - - [20/Jan/2020:11:10:11 +0000] "GET /wp-content/plugins/wpforms-lite/assets/css/dashboard-widget.min.css?ver=1.5.8.2 HTTP/1.1" 304 -
::1 - - [20/Jan/2020:11:10:11 +0000] "GET /wp-content/plugins/woocommerce/assets/css/menu.css?ver=3.8.1 HTTP/1.1" 304 -
::1 - - [20/Jan/2020:11:10:11 +0000] "GET /wp-content/plugins/woocommerce/assets/css/activation.css?ver=3.8.1 HTTP/1.1" 304 -
::1 - - [20/Jan/2020:11:10:11 +0000] "GET /wp-content/plugins/woocommerce/assets/css/dashboard.css?ver=3.8.1 HTTP/1.1" 304 -
::1 - - [20/Jan/2020:11:10:11 +0000] "GET /wp-content/plugins/ocean-extra/includes/freemius/assets/css/admin/common.css?ver=5.3.2 HTTP/1.1" 304 -
::1 - - [20/Jan/2020:11:10:01 +0000] "GET /wp-admin/ HTTP/1.1" 200 564139
::1 - - [20/Jan/2020:11:10:12 +0000] "GET /wp-content/plugins/woocommerce/assets/js/admin/reports.min.js?ver=3.8.1 HTTP/1.1" 304 -
::1 - - [20/Jan/2020:11:10:12 +0000] "GET /wp-content/plugins/woocommerce/assets/js/jquery-flot/jquery.flot.time.min.js?ver=3.8.1 HTTP/1.1" 304 -
::1 - - [20/Jan/2020:11:10:12 +0000] "GET /wp-content/plugins/woocommerce/assets/js/jquery-flot/jquery.flot.pie.min.js?ver=3.8.1 HTTP/1.1" 304 -
::1 - - [20/Jan/2020:11:10:12 +0000] "GET /wp-content/plugins/woocommerce/assets/js/jquery-flot/jquery.flot.stack.min.js?ver=3.8.1 HTTP/1.1" 304 -
::1 - - [20/Jan/2020:11:10:12 +0000] "GET /wp-content/plugins/woocommerce/assets/js/jquery-flot/jquery.flot.min.js?ver=3.8.1 HTTP/1.1" 304 -
::1 - - [20/Jan/2020:11:10:12 +0000] "GET /wp-content/plugins/woocommerce/assets/js/jquery-flot/jquery.flot.resize.min.js?ver=3.8.1 HTTP/1.1" 304 -
::1 - - [20/Jan/2020:11:10:12 +0000] "GET /wp-content/plugins/ocean-extra/assets/img/oceanwp.png HTTP/1.1" 304 -
::1 - - [20/Jan/2020:11:10:00 +0000] "GET /wp-admin/ HTTP/1.1" 200 564139
::1 - - [20/Jan/2020:11:10:12 +0000] "GET /wp-includes/css/editor.min.css?ver=5.3.2 HTTP/1.1" 304 -
::1 - - [20/Jan/2020:11:10:13 +0000] "GET /wp-content/plugins/ocean-extra/includes/widgets/js/insta-admin.min.js?ver=5.3.2 HTTP/1.1" 304 -
::1 - - [20/Jan/2020:11:10:13 +0000] "GET /wp-content/plugins/woocommerce/assets/fonts/WooCommerce.woff HTTP/1.1" 304 -
::1 - - [20/Jan/2020:11:10:13 +0000] "GET /wp-content/plugins/elementor/assets/js/admin.min.js?ver=2.8.3 HTTP/1.1" 304 -
::1 - - [20/Jan/2020:11:10:13 +0000] "GET /wp-content/plugins/wpforms-lite/assets/js/chart.min.js?ver=2.7.2 HTTP/1.1" 304 -
::1 - - [20/Jan/2020:11:10:13 +0000] "GET /wp-content/plugins/wpforms-lite/assets/js/moment.min.js?ver=2.22.2 HTTP/1.1" 304 -
::1 - - [20/Jan/2020:11:10:13 +0000] "GET /wp-content/plugins/wpforms-lite/lite/assets/js/admin/dashboard-widget.min.js?ver=1.5.8.2 HTTP/1.1" 304 -
::1 - - [20/Jan/2020:11:10:13 +0000] "POST /wp-admin/admin-ajax.php?_fs_blog_admin=true HTTP/1.1" 200 1199
::1 - - [20/Jan/2020:11:10:21 +0000] "GET /wp-admin/edit.php?post_type=shop_order HTTP/1.1" 200 622958
::1 - - [20/Jan/2020:11:10:24 +0000] "GET /wp-content/plugins/woocommerce/assets/css/admin.css?ver=3.8.1 HTTP/1.1" 304 -
::1 - - [20/Jan/2020:11:10:24 +0000] "GET /wp-content/plugins/woocommerce-admin/dist/components/style.css?ver=0.24.0 HTTP/1.1" 304 -
::1 - - [20/Jan/2020:11:10:24 +0000] "GET /wp-content/plugins/woocommerce-admin/dist/app/style.css?ver=0.24.0 HTTP/1.1" 304 -
::1 - - [20/Jan/2020:11:10:24 +0000] "GET /wp-content/plugins/woocommerce/assets/css/jquery-ui/jquery-ui.min.css?ver=3.8.1 HTTP/1.1" 304 -
::1 - - [20/Jan/2020:11:10:25 +0000] "GET /wp-content/plugins/woocommerce/assets/js/admin/woocommerce_admin.min.js?ver=3.8.1 HTTP/1.1" 304 -
::1 - - [20/Jan/2020:11:10:25 +0000] "GET /wp-content/plugins/woocommerce/assets/js/jquery-tiptip/jquery.tipTip.min.js?ver=3.8.1 HTTP/1.1" 304 -
::1 - - [20/Jan/2020:11:10:25 +0000] "GET /wp-content/plugins/woocommerce/assets/js/round/round.min.js?ver=3.8.1 HTTP/1.1" 304 -
::1 - - [20/Jan/2020:11:10:25 +0000] "GET /wp-content/plugins/woocommerce/assets/js/stupidtable/stupidtable.min.js?ver=3.8.1 HTTP/1.1" 304 -
::1 - - [20/Jan/2020:11:10:25 +0000] "GET /wp-content/plugins/woocommerce/assets/js/admin/wc-enhanced-select.min.js?ver=3.8.1 HTTP/1.1" 304 -
::1 - - [20/Jan/2020:11:10:25 +0000] "GET /wp-content/plugins/woocommerce/assets/js/admin/backbone-modal.min.js?ver=3.8.1 HTTP/1.1" 304 -
::1 - - [20/Jan/2020:11:10:25 +0000] "GET /wp-content/plugins/woocommerce/assets/js/admin/meta-boxes.min.js?ver=3.8.1 HTTP/1.1" 304 -
::1 - - [20/Jan/2020:11:10:25 +0000] "GET /wp-content/plugins/woocommerce/assets/js/admin/wc-clipboard.min.js?ver=3.8.1 HTTP/1.1" 304 -
::1 - - [20/Jan/2020:11:10:25 +0000] "GET /wp-content/plugins/woocommerce/assets/js/admin/meta-boxes-order.min.js?ver=3.8.1 HTTP/1.1" 304 -
::1 - - [20/Jan/2020:11:10:26 +0000] "GET /wp-content/plugins/woocommerce-admin/dist/number/index.js?ver=0.24.0 HTTP/1.1" 304 -
::1 - - [20/Jan/2020:11:10:26 +0000] "GET /wp-content/plugins/woocommerce-admin/dist/csv-export/index.js?ver=0.24.0 HTTP/1.1" 304 -
::1 - - [20/Jan/2020:11:10:26 +0000] "GET /wp-content/plugins/woocommerce-admin/dist/currency/index.js?ver=0.24.0 HTTP/1.1" 304 -
::1 - - [20/Jan/2020:11:10:26 +0000] "GET /wp-content/plugins/woocommerce-admin/dist/date/index.js?ver=0.24.0 HTTP/1.1" 304 -
::1 - - [20/Jan/2020:11:10:26 +0000] "GET /wp-content/plugins/woocommerce-admin/dist/navigation/index.js?ver=0.24.0 HTTP/1.1" 304 -
::1 - - [20/Jan/2020:11:10:26 +0000] "GET /wp-content/plugins/woocommerce-admin/dist/components/index.js?ver=0.24.0 HTTP/1.1" 304 -
::1 - - [20/Jan/2020:11:10:26 +0000] "GET /wp-content/plugins/woocommerce-admin/dist/app/index.js?ver=0.24.0 HTTP/1.1" 304 -
::1 - - [20/Jan/2020:11:10:26 +0000] "GET /wp-content/plugins/woocommerce/assets/js/admin/wc-orders.min.js?ver=3.8.1 HTTP/1.1" 304 -
::1 - - [20/Jan/2020:11:10:27 +0000] "POST /wp-admin/admin-ajax.php?_fs_blog_admin=true HTTP/1.1" 200 47
::1 - - [20/Jan/2020:11:10:27 +0000] "GET /wp-json/wc-analytics/admin/notes?order=desc&orderby=date&page=1&per_page=1&type=info%2Cwarning&_locale=user HTTP/1.1" 200 972
::1 - - [20/Jan/2020:11:10:27 +0000] "GET /wp-json/wc-analytics/products/reviews?page=1&per_page=1&status=hold&_locale=user HTTP/1.1" 200 2
::1 - - [20/Jan/2020:11:10:27 +0000] "GET /wp-json/wc-analytics/products?low_in_stock=true&page=1&per_page=1&status=publish&_locale=user HTTP/1.1" 200 2
::1 - - [20/Jan/2020:11:10:27 +0000] "GET /wp-json/wc-analytics/orders?_fields%5B0%5D=id&page=1&per_page=1&status%5B0%5D=processing&status%5B1%5D=on-hold&_locale=user HTTP/1.1" 200 2
::1 - - [20/Jan/2020:11:10:27 +0000] "GET /wp-json/wc-analytics/admin/notes?page=1&per_page=25&status=unactioned&type=error%2Cupdate&_locale=user HTTP/1.1" 200 2
::1 - - [20/Jan/2020:11:10:29 +0000] "GET /wp-json/wp/v2/users/me?context=edit&_locale=user HTTP/1.1" 200 4145
::1 - - [20/Jan/2020:11:10:36 +0000] "GET / HTTP/1.1" 200 155854
::1 - - [20/Jan/2020:11:10:43 +0000] "GET /wp-content/plugins/wpforms-lite/assets/css/wpforms-full.css?ver=1.5.8.2 HTTP/1.1" 304 -
::1 - - [20/Jan/2020:11:10:43 +0000] "GET /wp-content/uploads/elementor/css/post-40.css?ver=1579168791 HTTP/1.1" 200 2921
::1 - - [20/Jan/2020:11:10:41 +0000] "GET /contato/ HTTP/1.1" 200 71253
::1 - - [20/Jan/2020:11:10:43 +0000] "GET /wp-content/plugins/wpforms-lite/assets/js/jquery.validate.min.js?ver=1.19.0 HTTP/1.1" 200 24368
::1 - - [20/Jan/2020:11:10:43 +0000] "GET /wp-content/plugins/wpforms-lite/assets/js/mailcheck.min.js?ver=1.1.2 HTTP/1.1" 200 4014
::1 - - [20/Jan/2020:11:10:43 +0000] "GET /wp-content/plugins/wpforms-lite/assets/js/wpforms.js?ver=1.5.8.2 HTTP/1.1" 200 53257
::1 - - [20/Jan/2020:11:10:51 +0000] "GET /faq HTTP/1.1" 301 -
::1 - - [20/Jan/2020:11:10:52 +0000] "POST /wp-cron.php?doing_wp_cron=1579518652.2820739746093750000000 HTTP/1.1" 200 -
::1 - - [20/Jan/2020:11:10:54 +0000] "GET /wp-content/uploads/elementor/css/post-222.css?ver=1579297936 HTTP/1.1" 304 -
::1 - - [20/Jan/2020:11:10:52 +0000] "GET /faq/ HTTP/1.1" 200 83962
::1 - - [20/Jan/2020:11:10:54 +0000] "GET /wp-content/plugins/elementor/assets/lib/font-awesome/css/solid.min.css?ver=5.9.0 HTTP/1.1" 304 -
::1 - - [20/Jan/2020:11:10:55 +0000] "GET /wp-content/plugins/elementor/assets/lib/font-awesome/webfonts/fa-solid-900.woff2 HTTP/1.1" 304 -
