2020-01-10 22:46:53 14396 [Note] Plugin 'FEDERATED' is disabled.
2020-01-10 22:46:53 14396 [Note] InnoDB: Using atomics to ref count buffer pool pages
2020-01-10 22:46:53 14396 [Note] InnoDB: The InnoDB memory heap is disabled
2020-01-10 22:46:53 14396 [Note] InnoDB: Mutexes and rw_locks use Windows interlocked functions
2020-01-10 22:46:53 14396 [Note] InnoDB: Memory barrier is not used
2020-01-10 22:46:53 14396 [Note] InnoDB: Compressed tables use zlib 1.2.3
2020-01-10 22:46:53 14396 [Note] InnoDB: Not using CPU crc32 instructions
2020-01-10 22:46:53 14396 [Note] InnoDB: Initializing buffer pool, size = 128.0M
2020-01-10 22:46:53 14396 [Note] InnoDB: Completed initialization of buffer pool
2020-01-10 22:46:54 14396 [Note] InnoDB: Setting log file C:\Users\Vagner Bom Jesus\Desktop\AAA\mysql\data\ib_logfile101 size to 5 MB
2020-01-10 22:46:54 14396 [Note] InnoDB: Setting log file C:\Users\Vagner Bom Jesus\Desktop\AAA\mysql\data\ib_logfile1 size to 5 MB
2020-01-10 22:46:54 14396 [Note] InnoDB: Renaming log file C:\Users\Vagner Bom Jesus\Desktop\AAA\mysql\data\ib_logfile101 to C:\Users\Vagner Bom Jesus\Desktop\AAA\mysql\data\ib_logfile0
2020-01-10 22:46:54 14396 [Warning] InnoDB: New log files created, LSN=1626134
2020-01-10 22:46:54 14396 [Note] InnoDB: Highest supported file format is Barracuda.
2020-01-10 22:46:54 302c InnoDB: Error: page 5 log sequence number 1626646
InnoDB: is in the future! Current system log sequence number 1626636.
InnoDB: Your database may be corrupt or you may have copied the InnoDB
InnoDB: tablespace but not the InnoDB log files. See
InnoDB: http://dev.mysql.com/doc/refman/5.6/en/forcing-innodb-recovery.html
InnoDB: for more information.
2020-01-10 22:46:54 14396 [Note] InnoDB: 128 rollback segment(s) are active.
2020-01-10 22:46:54 14396 [Note] InnoDB: Waiting for purge to start
2020-01-10 22:46:54 14396 [Note] InnoDB: 5.6.34 started; log sequence number 1626636
2020-01-10 22:46:54 14396 [Warning] No existing UUID has been found, so we assume that this is the first time that this server has been started. Generating a new UUID: 19b204df-33fb-11ea-bb25-80ce627e0129.
2020-01-10 22:46:55 14396 [Note] Server hostname (bind-address): '*'; port: 3306
2020-01-10 22:46:55 14396 [Note] IPv6 is available.
2020-01-10 22:46:55 14396 [Note]   - '::' resolves to '::';
2020-01-10 22:46:55 14396 [Note] Server socket created on IP: '::'.
2020-01-15 17:38:39 14696 [Note] Plugin 'FEDERATED' is disabled.
2020-01-15 17:38:39 14696 [Note] InnoDB: Using atomics to ref count buffer pool pages
2020-01-15 17:38:39 14696 [Note] InnoDB: The InnoDB memory heap is disabled
2020-01-15 17:38:39 14696 [Note] InnoDB: Mutexes and rw_locks use Windows interlocked functions
2020-01-15 17:38:39 14696 [Note] InnoDB: Memory barrier is not used
2020-01-15 17:38:39 14696 [Note] InnoDB: Compressed tables use zlib 1.2.3
2020-01-15 17:38:39 14696 [Note] InnoDB: Not using CPU crc32 instructions
2020-01-15 17:38:39 14696 [Note] InnoDB: Initializing buffer pool, size = 128.0M
2020-01-15 17:38:39 14696 [Note] InnoDB: Completed initialization of buffer pool
2020-01-15 17:38:40 14696 [Note] InnoDB: Highest supported file format is Barracuda.
2020-01-15 17:38:40 14696 [Note] InnoDB: The log sequence numbers 1626134 and 1626134 in ibdata files do not match the log sequence number 27540856 in the ib_logfiles!
2020-01-15 17:38:40 14696 [Note] InnoDB: Database was not shutdown normally!
2020-01-15 17:38:40 14696 [Note] InnoDB: Starting crash recovery.
2020-01-15 17:38:40 14696 [Note] InnoDB: Reading tablespace information from the .ibd files...
2020-01-15 17:38:42 14696 [Note] InnoDB: Restoring possible half-written data pages 
2020-01-15 17:38:42 14696 [Note] InnoDB: from the doublewrite buffer...
2020-01-15 17:38:54 14696 [Note] InnoDB: 128 rollback segment(s) are active.
2020-01-15 17:38:54 14696 [Note] InnoDB: Waiting for purge to start
2020-01-15 17:38:54 14696 [Note] InnoDB: 5.6.34 started; log sequence number 27540856
2020-01-15 17:38:54 14696 [Note] Server hostname (bind-address): '*'; port: 3306
2020-01-15 17:38:54 14696 [Note] IPv6 is available.
2020-01-15 17:38:54 14696 [Note]   - '::' resolves to '::';
2020-01-15 17:38:54 14696 [Note] Server socket created on IP: '::'.
2020-01-15 23:05:02 13944 [Note] Plugin 'FEDERATED' is disabled.
2020-01-15 23:05:03 13944 [Note] InnoDB: Using atomics to ref count buffer pool pages
2020-01-15 23:05:03 13944 [Note] InnoDB: The InnoDB memory heap is disabled
2020-01-15 23:05:03 13944 [Note] InnoDB: Mutexes and rw_locks use Windows interlocked functions
2020-01-15 23:05:03 13944 [Note] InnoDB: Memory barrier is not used
2020-01-15 23:05:03 13944 [Note] InnoDB: Compressed tables use zlib 1.2.3
2020-01-15 23:05:03 13944 [Note] InnoDB: Not using CPU crc32 instructions
2020-01-15 23:05:03 13944 [Note] InnoDB: Initializing buffer pool, size = 128.0M
2020-01-15 23:05:03 13944 [Note] InnoDB: Completed initialization of buffer pool
2020-01-15 23:05:03 13944 [Note] InnoDB: Highest supported file format is Barracuda.
2020-01-15 23:05:03 13944 [Note] InnoDB: The log sequence numbers 1626134 and 1626134 in ibdata files do not match the log sequence number 37369885 in the ib_logfiles!
2020-01-15 23:05:03 13944 [Note] InnoDB: Database was not shutdown normally!
2020-01-15 23:05:03 13944 [Note] InnoDB: Starting crash recovery.
2020-01-15 23:05:03 13944 [Note] InnoDB: Reading tablespace information from the .ibd files...
2020-01-15 23:05:06 13944 [Note] InnoDB: Restoring possible half-written data pages 
2020-01-15 23:05:06 13944 [Note] InnoDB: from the doublewrite buffer...
2020-01-15 23:05:12 13944 [Note] InnoDB: 128 rollback segment(s) are active.
2020-01-15 23:05:12 13944 [Note] InnoDB: Waiting for purge to start
2020-01-15 23:05:12 13944 [Note] InnoDB: 5.6.34 started; log sequence number 37369885
2020-01-15 23:05:12 13944 [Note] Server hostname (bind-address): '*'; port: 3306
2020-01-15 23:05:12 13944 [Note] IPv6 is available.
2020-01-15 23:05:12 13944 [Note]   - '::' resolves to '::';
2020-01-15 23:05:12 13944 [Note] Server socket created on IP: '::'.
2020-01-16 09:21:53 4880 [Note] Plugin 'FEDERATED' is disabled.
2020-01-16 09:21:53 4880 [Note] InnoDB: Using atomics to ref count buffer pool pages
2020-01-16 09:21:53 4880 [Note] InnoDB: The InnoDB memory heap is disabled
2020-01-16 09:21:53 4880 [Note] InnoDB: Mutexes and rw_locks use Windows interlocked functions
2020-01-16 09:21:53 4880 [Note] InnoDB: Memory barrier is not used
2020-01-16 09:21:53 4880 [Note] InnoDB: Compressed tables use zlib 1.2.3
2020-01-16 09:21:53 4880 [Note] InnoDB: Not using CPU crc32 instructions
2020-01-16 09:21:53 4880 [Note] InnoDB: Initializing buffer pool, size = 128.0M
2020-01-16 09:21:53 4880 [Note] InnoDB: Completed initialization of buffer pool
2020-01-16 09:21:53 4880 [Note] InnoDB: Highest supported file format is Barracuda.
2020-01-16 09:21:53 4880 [Note] InnoDB: The log sequence numbers 1626134 and 1626134 in ibdata files do not match the log sequence number 37642813 in the ib_logfiles!
2020-01-16 09:21:53 4880 [Note] InnoDB: Database was not shutdown normally!
2020-01-16 09:21:53 4880 [Note] InnoDB: Starting crash recovery.
2020-01-16 09:21:53 4880 [Note] InnoDB: Reading tablespace information from the .ibd files...
2020-01-16 09:21:53 4880 [Note] InnoDB: Restoring possible half-written data pages 
2020-01-16 09:21:53 4880 [Note] InnoDB: from the doublewrite buffer...
2020-01-16 09:21:55 4880 [Note] InnoDB: 128 rollback segment(s) are active.
2020-01-16 09:21:55 4880 [Note] InnoDB: Waiting for purge to start
2020-01-16 09:21:55 4880 [Note] InnoDB: 5.6.34 started; log sequence number 37642813
2020-01-16 09:21:55 4880 [Note] Server hostname (bind-address): '*'; port: 3306
2020-01-16 09:21:55 4880 [Note] IPv6 is available.
2020-01-16 09:21:55 4880 [Note]   - '::' resolves to '::';
2020-01-16 09:21:55 4880 [Note] Server socket created on IP: '::'.
2020-01-17 21:51:22 12340 [Note] Plugin 'FEDERATED' is disabled.
2020-01-17 21:51:22 12340 [Note] InnoDB: Using atomics to ref count buffer pool pages
2020-01-17 21:51:22 12340 [Note] InnoDB: The InnoDB memory heap is disabled
2020-01-17 21:51:22 12340 [Note] InnoDB: Mutexes and rw_locks use Windows interlocked functions
2020-01-17 21:51:22 12340 [Note] InnoDB: Memory barrier is not used
2020-01-17 21:51:22 12340 [Note] InnoDB: Compressed tables use zlib 1.2.3
2020-01-17 21:51:22 12340 [Note] InnoDB: Not using CPU crc32 instructions
2020-01-17 21:51:22 12340 [Note] InnoDB: Initializing buffer pool, size = 128.0M
2020-01-17 21:51:22 12340 [Note] InnoDB: Completed initialization of buffer pool
2020-01-17 21:51:22 12340 [Note] InnoDB: Highest supported file format is Barracuda.
2020-01-17 21:51:22 12340 [Note] InnoDB: The log sequence numbers 1626134 and 1626134 in ibdata files do not match the log sequence number 47769713 in the ib_logfiles!
2020-01-17 21:51:22 12340 [Note] InnoDB: Database was not shutdown normally!
2020-01-17 21:51:22 12340 [Note] InnoDB: Starting crash recovery.
2020-01-17 21:51:22 12340 [Note] InnoDB: Reading tablespace information from the .ibd files...
2020-01-17 21:51:22 12340 [Note] InnoDB: Restoring possible half-written data pages 
2020-01-17 21:51:22 12340 [Note] InnoDB: from the doublewrite buffer...
2020-01-17 21:51:29 12340 [Note] InnoDB: 128 rollback segment(s) are active.
2020-01-17 21:51:29 12340 [Note] InnoDB: Waiting for purge to start
2020-01-17 21:51:29 12340 [Note] InnoDB: 5.6.34 started; log sequence number 47769713
2020-01-17 21:51:30 12340 [Note] Server hostname (bind-address): '*'; port: 3306
2020-01-17 21:51:30 12340 [Note] IPv6 is available.
2020-01-17 21:51:30 12340 [Note]   - '::' resolves to '::';
2020-01-17 21:51:30 12340 [Note] Server socket created on IP: '::'.
2020-01-17 23:41:01 19764 [Note] Plugin 'FEDERATED' is disabled.
2020-01-17 23:41:01 19764 [Note] InnoDB: Using atomics to ref count buffer pool pages
2020-01-17 23:41:01 19764 [Note] InnoDB: The InnoDB memory heap is disabled
2020-01-17 23:41:01 19764 [Note] InnoDB: Mutexes and rw_locks use Windows interlocked functions
2020-01-17 23:41:01 19764 [Note] InnoDB: Memory barrier is not used
2020-01-17 23:41:01 19764 [Note] InnoDB: Compressed tables use zlib 1.2.3
2020-01-17 23:41:01 19764 [Note] InnoDB: Not using CPU crc32 instructions
2020-01-17 23:41:01 19764 [Note] InnoDB: Initializing buffer pool, size = 128.0M
2020-01-17 23:41:01 19764 [Note] InnoDB: Completed initialization of buffer pool
2020-01-17 23:41:01 19764 [Note] InnoDB: Highest supported file format is Barracuda.
2020-01-17 23:41:02 19764 [Note] InnoDB: The log sequence numbers 1626134 and 1626134 in ibdata files do not match the log sequence number 49387142 in the ib_logfiles!
2020-01-17 23:41:02 19764 [Note] InnoDB: Database was not shutdown normally!
2020-01-17 23:41:02 19764 [Note] InnoDB: Starting crash recovery.
2020-01-17 23:41:02 19764 [Note] InnoDB: Reading tablespace information from the .ibd files...
2020-01-17 23:41:02 19764 [Note] InnoDB: Restoring possible half-written data pages 
2020-01-17 23:41:02 19764 [Note] InnoDB: from the doublewrite buffer...
2020-01-17 23:41:06 19764 [Note] InnoDB: 128 rollback segment(s) are active.
2020-01-17 23:41:06 19764 [Note] InnoDB: Waiting for purge to start
2020-01-17 23:41:06 19764 [Note] InnoDB: 5.6.34 started; log sequence number 49387142
2020-01-17 23:41:06 19764 [Note] Server hostname (bind-address): '*'; port: 3306
2020-01-17 23:41:06 19764 [Note] IPv6 is available.
2020-01-17 23:41:06 19764 [Note]   - '::' resolves to '::';
2020-01-17 23:41:06 19764 [Note] Server socket created on IP: '::'.
2020-01-20 10:54:52 1528 [Note] Plugin 'FEDERATED' is disabled.
2020-01-20 10:54:53 1528 [Note] InnoDB: Using atomics to ref count buffer pool pages
2020-01-20 10:54:53 1528 [Note] InnoDB: The InnoDB memory heap is disabled
2020-01-20 10:54:53 1528 [Note] InnoDB: Mutexes and rw_locks use Windows interlocked functions
2020-01-20 10:54:53 1528 [Note] InnoDB: Memory barrier is not used
2020-01-20 10:54:53 1528 [Note] InnoDB: Compressed tables use zlib 1.2.3
2020-01-20 10:54:53 1528 [Note] InnoDB: Not using CPU crc32 instructions
2020-01-20 10:54:53 1528 [Note] InnoDB: Initializing buffer pool, size = 128.0M
2020-01-20 10:54:53 1528 [Note] InnoDB: Completed initialization of buffer pool
2020-01-20 10:54:54 1528 [Note] InnoDB: Highest supported file format is Barracuda.
2020-01-20 10:54:54 1528 [Note] InnoDB: The log sequence numbers 1626134 and 1626134 in ibdata files do not match the log sequence number 50777764 in the ib_logfiles!
2020-01-20 10:54:54 1528 [Note] InnoDB: Database was not shutdown normally!
2020-01-20 10:54:54 1528 [Note] InnoDB: Starting crash recovery.
2020-01-20 10:54:54 1528 [Note] InnoDB: Reading tablespace information from the .ibd files...
2020-01-20 10:54:56 1528 [Note] InnoDB: Restoring possible half-written data pages 
2020-01-20 10:54:56 1528 [Note] InnoDB: from the doublewrite buffer...
2020-01-20 10:54:59 1528 [Note] InnoDB: 128 rollback segment(s) are active.
2020-01-20 10:54:59 1528 [Note] InnoDB: Waiting for purge to start
2020-01-20 10:54:59 1528 [Note] InnoDB: 5.6.34 started; log sequence number 50777764
2020-01-20 10:54:59 1528 [Note] Server hostname (bind-address): '*'; port: 3306
2020-01-20 10:54:59 1528 [Note] IPv6 is available.
2020-01-20 10:54:59 1528 [Note]   - '::' resolves to '::';
2020-01-20 10:54:59 1528 [Note] Server socket created on IP: '::'.
2020-01-20 11:06:04 19552 [Note] Plugin 'FEDERATED' is disabled.
2020-01-20 11:06:04 19552 [Note] InnoDB: Using atomics to ref count buffer pool pages
2020-01-20 11:06:04 19552 [Note] InnoDB: The InnoDB memory heap is disabled
2020-01-20 11:06:04 19552 [Note] InnoDB: Mutexes and rw_locks use Windows interlocked functions
2020-01-20 11:06:04 19552 [Note] InnoDB: Memory barrier is not used
2020-01-20 11:06:04 19552 [Note] InnoDB: Compressed tables use zlib 1.2.3
2020-01-20 11:06:04 19552 [Note] InnoDB: Not using CPU crc32 instructions
2020-01-20 11:06:04 19552 [Note] InnoDB: Initializing buffer pool, size = 128.0M
2020-01-20 11:06:04 19552 [Note] InnoDB: Completed initialization of buffer pool
2020-01-20 11:06:04 19552 [Note] InnoDB: Highest supported file format is Barracuda.
2020-01-20 11:06:04 19552 [Note] InnoDB: The log sequence numbers 1626134 and 1626134 in ibdata files do not match the log sequence number 50777774 in the ib_logfiles!
2020-01-20 11:06:04 19552 [Note] InnoDB: Database was not shutdown normally!
2020-01-20 11:06:04 19552 [Note] InnoDB: Starting crash recovery.
2020-01-20 11:06:04 19552 [Note] InnoDB: Reading tablespace information from the .ibd files...
2020-01-20 11:06:04 19552 [Note] InnoDB: Restoring possible half-written data pages 
2020-01-20 11:06:04 19552 [Note] InnoDB: from the doublewrite buffer...
2020-01-20 11:06:06 19552 [Note] InnoDB: 128 rollback segment(s) are active.
2020-01-20 11:06:06 19552 [Note] InnoDB: Waiting for purge to start
2020-01-20 11:06:06 19552 [Note] InnoDB: 5.6.34 started; log sequence number 50777774
2020-01-20 11:06:06 19552 [Note] Server hostname (bind-address): '*'; port: 3306
2020-01-20 11:06:06 19552 [Note] IPv6 is available.
2020-01-20 11:06:06 19552 [Note]   - '::' resolves to '::';
2020-01-20 11:06:06 19552 [Note] Server socket created on IP: '::'.
