2020-01-16T09:24:09+00:00 CRITICAL Uncaught Error: Call to a member function get_type() on string in C:\Users\Vagner Bom Jesus\Desktop\ASI_2019_2020\root\wp-content\plugins\wc-custom-add-to-cart-labels\wc-custom-add-to-cart-labels.php:172
Stack trace:
#0 C:\Users\Vagner Bom Jesus\Desktop\ASI_2019_2020\root\wp-includes\class-wp-hook.php(290): custom_woocommerce_product_add_to_cart_text('Comprar')
#1 C:\Users\Vagner Bom Jesus\Desktop\ASI_2019_2020\root\wp-includes\plugin.php(206): WP_Hook->apply_filters('Comprar', Array)
#2 C:\Users\Vagner Bom Jesus\Desktop\ASI_2019_2020\root\wp-content\plugins\woocommerce\includes\class-wc-product-simple.php(62): apply_filters('woocommerce_pro...', 'Comprar', Object(WC_Product_Simple))
#3 C:\Users\Vagner Bom Jesus\Desktop\ASI_2019_2020\root\wp-content\themes\oceanwp\inc\woocommerce\woocommerce-config.php(1316): WC_Product_Simple->add_to_cart_text()
#4 C:\Users\Vagner Bom Jesus\Desktop\ASI_2019_2020\root\wp-content\themes\oceanwp\inc\woocommerce\woocommerce-config.php(1295): OceanWP_WooCommerce_Config::floating_, em C:\Users\Vagner Bom Jesus\Desktop\ASI_2019_2020\root\wp-content\plugins\wc-custom-add-to-cart-labels\wc-custom-add-to-cart-labels.php, na linha 172

2020-01-16T09:25:30+00:00 CRITICAL Uncaught Error: Call to a member function get_type() on string in C:\Users\Vagner Bom Jesus\Desktop\ASI_2019_2020\root\wp-content\plugins\wc-custom-add-to-cart-labels\wc-custom-add-to-cart-labels.php:172
Stack trace:
#0 C:\Users\Vagner Bom Jesus\Desktop\ASI_2019_2020\root\wp-includes\class-wp-hook.php(290): custom_woocommerce_product_add_to_cart_text('Comprar')
#1 C:\Users\Vagner Bom Jesus\Desktop\ASI_2019_2020\root\wp-includes\plugin.php(206): WP_Hook->apply_filters('Comprar', Array)
#2 C:\Users\Vagner Bom Jesus\Desktop\ASI_2019_2020\root\wp-content\plugins\woocommerce\includes\class-wc-product-simple.php(62): apply_filters('woocommerce_pro...', 'Comprar', Object(WC_Product_Simple))
#3 C:\Users\Vagner Bom Jesus\Desktop\ASI_2019_2020\root\wp-content\themes\oceanwp\inc\woocommerce\woocommerce-config.php(1316): WC_Product_Simple->add_to_cart_text()
#4 C:\Users\Vagner Bom Jesus\Desktop\ASI_2019_2020\root\wp-content\themes\oceanwp\inc\woocommerce\woocommerce-config.php(1295): OceanWP_WooCommerce_Config::floating_, em C:\Users\Vagner Bom Jesus\Desktop\ASI_2019_2020\root\wp-content\plugins\wc-custom-add-to-cart-labels\wc-custom-add-to-cart-labels.php, na linha 172

2020-01-16T17:26:24+00:00 CRITICAL Uncaught Error: Call to a member function get_type() on string in C:\Users\Vagner Bom Jesus\Desktop\ASI_2019_2020\root\wp-content\plugins\wc-custom-add-to-cart-labels\wc-custom-add-to-cart-labels.php:172
Stack trace:
#0 C:\Users\Vagner Bom Jesus\Desktop\ASI_2019_2020\root\wp-includes\class-wp-hook.php(290): custom_woocommerce_product_add_to_cart_text('Comprar')
#1 C:\Users\Vagner Bom Jesus\Desktop\ASI_2019_2020\root\wp-includes\plugin.php(206): WP_Hook->apply_filters('Comprar', Array)
#2 C:\Users\Vagner Bom Jesus\Desktop\ASI_2019_2020\root\wp-content\plugins\woocommerce\includes\class-wc-product-simple.php(62): apply_filters('woocommerce_pro...', 'Comprar', Object(WC_Product_Simple))
#3 C:\Users\Vagner Bom Jesus\Desktop\ASI_2019_2020\root\wp-content\themes\oceanwp\inc\woocommerce\woocommerce-config.php(1316): WC_Product_Simple->add_to_cart_text()
#4 C:\Users\Vagner Bom Jesus\Desktop\ASI_2019_2020\root\wp-content\themes\oceanwp\inc\woocommerce\woocommerce-config.php(1295): OceanWP_WooCommerce_Config::floating_, em C:\Users\Vagner Bom Jesus\Desktop\ASI_2019_2020\root\wp-content\plugins\wc-custom-add-to-cart-labels\wc-custom-add-to-cart-labels.php, na linha 172

2020-01-16T18:32:18+00:00 CRITICAL Uncaught Error: Call to a member function get_type() on string in C:\Users\Vagner Bom Jesus\Desktop\ASI_2019_2020\root\wp-content\plugins\wc-custom-add-to-cart-labels\wc-custom-add-to-cart-labels.php:172
Stack trace:
#0 C:\Users\Vagner Bom Jesus\Desktop\ASI_2019_2020\root\wp-includes\class-wp-hook.php(290): custom_woocommerce_product_add_to_cart_text('Comprar')
#1 C:\Users\Vagner Bom Jesus\Desktop\ASI_2019_2020\root\wp-includes\plugin.php(206): WP_Hook->apply_filters('Comprar', Array)
#2 C:\Users\Vagner Bom Jesus\Desktop\ASI_2019_2020\root\wp-content\plugins\woocommerce\includes\class-wc-product-simple.php(62): apply_filters('woocommerce_pro...', 'Comprar', Object(WC_Product_Simple))
#3 C:\Users\Vagner Bom Jesus\Desktop\ASI_2019_2020\root\wp-content\themes\oceanwp\inc\woocommerce\woocommerce-config.php(1316): WC_Product_Simple->add_to_cart_text()
#4 C:\Users\Vagner Bom Jesus\Desktop\ASI_2019_2020\root\wp-content\themes\oceanwp\inc\woocommerce\woocommerce-config.php(1295): OceanWP_WooCommerce_Config::floating_, em C:\Users\Vagner Bom Jesus\Desktop\ASI_2019_2020\root\wp-content\plugins\wc-custom-add-to-cart-labels\wc-custom-add-to-cart-labels.php, na linha 172

2020-01-16T18:35:18+00:00 CRITICAL Uncaught Error: Call to a member function get_type() on string in C:\Users\Vagner Bom Jesus\Desktop\ASI_2019_2020\root\wp-content\plugins\wc-custom-add-to-cart-labels\wc-custom-add-to-cart-labels.php:172
Stack trace:
#0 C:\Users\Vagner Bom Jesus\Desktop\ASI_2019_2020\root\wp-includes\class-wp-hook.php(290): custom_woocommerce_product_add_to_cart_text('Comprar')
#1 C:\Users\Vagner Bom Jesus\Desktop\ASI_2019_2020\root\wp-includes\plugin.php(206): WP_Hook->apply_filters('Comprar', Array)
#2 C:\Users\Vagner Bom Jesus\Desktop\ASI_2019_2020\root\wp-content\plugins\woocommerce\includes\class-wc-product-simple.php(62): apply_filters('woocommerce_pro...', 'Comprar', Object(WC_Product_Simple))
#3 C:\Users\Vagner Bom Jesus\Desktop\ASI_2019_2020\root\wp-content\themes\oceanwp\inc\woocommerce\woocommerce-config.php(1316): WC_Product_Simple->add_to_cart_text()
#4 C:\Users\Vagner Bom Jesus\Desktop\ASI_2019_2020\root\wp-content\themes\oceanwp\inc\woocommerce\woocommerce-config.php(1295): OceanWP_WooCommerce_Config::floating_, em C:\Users\Vagner Bom Jesus\Desktop\ASI_2019_2020\root\wp-content\plugins\wc-custom-add-to-cart-labels\wc-custom-add-to-cart-labels.php, na linha 172

2020-01-16T18:37:58+00:00 CRITICAL Uncaught Error: Call to a member function get_type() on string in C:\Users\Vagner Bom Jesus\Desktop\ASI_2019_2020\root\wp-content\plugins\wc-custom-add-to-cart-labels\wc-custom-add-to-cart-labels.php:172
Stack trace:
#0 C:\Users\Vagner Bom Jesus\Desktop\ASI_2019_2020\root\wp-includes\class-wp-hook.php(290): custom_woocommerce_product_add_to_cart_text('Comprar')
#1 C:\Users\Vagner Bom Jesus\Desktop\ASI_2019_2020\root\wp-includes\plugin.php(206): WP_Hook->apply_filters('Comprar', Array)
#2 C:\Users\Vagner Bom Jesus\Desktop\ASI_2019_2020\root\wp-content\plugins\woocommerce\includes\class-wc-product-simple.php(62): apply_filters('woocommerce_pro...', 'Comprar', Object(WC_Product_Simple))
#3 C:\Users\Vagner Bom Jesus\Desktop\ASI_2019_2020\root\wp-content\themes\oceanwp\inc\woocommerce\woocommerce-config.php(1316): WC_Product_Simple->add_to_cart_text()
#4 C:\Users\Vagner Bom Jesus\Desktop\ASI_2019_2020\root\wp-content\themes\oceanwp\inc\woocommerce\woocommerce-config.php(1295): OceanWP_WooCommerce_Config::floating_, em C:\Users\Vagner Bom Jesus\Desktop\ASI_2019_2020\root\wp-content\plugins\wc-custom-add-to-cart-labels\wc-custom-add-to-cart-labels.php, na linha 172

2020-01-16T18:38:48+00:00 CRITICAL Uncaught Error: Call to a member function get_type() on string in C:\Users\Vagner Bom Jesus\Desktop\ASI_2019_2020\root\wp-content\plugins\wc-custom-add-to-cart-labels\wc-custom-add-to-cart-labels.php:172
Stack trace:
#0 C:\Users\Vagner Bom Jesus\Desktop\ASI_2019_2020\root\wp-includes\class-wp-hook.php(290): custom_woocommerce_product_add_to_cart_text('Comprar')
#1 C:\Users\Vagner Bom Jesus\Desktop\ASI_2019_2020\root\wp-includes\plugin.php(206): WP_Hook->apply_filters('Comprar', Array)
#2 C:\Users\Vagner Bom Jesus\Desktop\ASI_2019_2020\root\wp-content\plugins\woocommerce\includes\class-wc-product-simple.php(62): apply_filters('woocommerce_pro...', 'Comprar', Object(WC_Product_Simple))
#3 C:\Users\Vagner Bom Jesus\Desktop\ASI_2019_2020\root\wp-content\themes\oceanwp\inc\woocommerce\woocommerce-config.php(1316): WC_Product_Simple->add_to_cart_text()
#4 C:\Users\Vagner Bom Jesus\Desktop\ASI_2019_2020\root\wp-content\themes\oceanwp\inc\woocommerce\woocommerce-config.php(1295): OceanWP_WooCommerce_Config::floating_, em C:\Users\Vagner Bom Jesus\Desktop\ASI_2019_2020\root\wp-content\plugins\wc-custom-add-to-cart-labels\wc-custom-add-to-cart-labels.php, na linha 172

2020-01-16T18:39:02+00:00 CRITICAL Uncaught Error: Call to a member function get_type() on string in C:\Users\Vagner Bom Jesus\Desktop\ASI_2019_2020\root\wp-content\plugins\wc-custom-add-to-cart-labels\wc-custom-add-to-cart-labels.php:172
Stack trace:
#0 C:\Users\Vagner Bom Jesus\Desktop\ASI_2019_2020\root\wp-includes\class-wp-hook.php(290): custom_woocommerce_product_add_to_cart_text('Comprar')
#1 C:\Users\Vagner Bom Jesus\Desktop\ASI_2019_2020\root\wp-includes\plugin.php(206): WP_Hook->apply_filters('Comprar', Array)
#2 C:\Users\Vagner Bom Jesus\Desktop\ASI_2019_2020\root\wp-content\plugins\woocommerce\includes\class-wc-product-simple.php(62): apply_filters('woocommerce_pro...', 'Comprar', Object(WC_Product_Simple))
#3 C:\Users\Vagner Bom Jesus\Desktop\ASI_2019_2020\root\wp-content\themes\oceanwp\inc\woocommerce\woocommerce-config.php(1316): WC_Product_Simple->add_to_cart_text()
#4 C:\Users\Vagner Bom Jesus\Desktop\ASI_2019_2020\root\wp-content\themes\oceanwp\inc\woocommerce\woocommerce-config.php(1295): OceanWP_WooCommerce_Config::floating_, em C:\Users\Vagner Bom Jesus\Desktop\ASI_2019_2020\root\wp-content\plugins\wc-custom-add-to-cart-labels\wc-custom-add-to-cart-labels.php, na linha 172

2020-01-16T18:39:11+00:00 CRITICAL Uncaught Error: Call to a member function get_type() on string in C:\Users\Vagner Bom Jesus\Desktop\ASI_2019_2020\root\wp-content\plugins\wc-custom-add-to-cart-labels\wc-custom-add-to-cart-labels.php:172
Stack trace:
#0 C:\Users\Vagner Bom Jesus\Desktop\ASI_2019_2020\root\wp-includes\class-wp-hook.php(290): custom_woocommerce_product_add_to_cart_text('Comprar')
#1 C:\Users\Vagner Bom Jesus\Desktop\ASI_2019_2020\root\wp-includes\plugin.php(206): WP_Hook->apply_filters('Comprar', Array)
#2 C:\Users\Vagner Bom Jesus\Desktop\ASI_2019_2020\root\wp-content\plugins\woocommerce\includes\class-wc-product-simple.php(62): apply_filters('woocommerce_pro...', 'Comprar', Object(WC_Product_Simple))
#3 C:\Users\Vagner Bom Jesus\Desktop\ASI_2019_2020\root\wp-content\themes\oceanwp\inc\woocommerce\woocommerce-config.php(1316): WC_Product_Simple->add_to_cart_text()
#4 C:\Users\Vagner Bom Jesus\Desktop\ASI_2019_2020\root\wp-content\themes\oceanwp\inc\woocommerce\woocommerce-config.php(1295): OceanWP_WooCommerce_Config::floating_, em C:\Users\Vagner Bom Jesus\Desktop\ASI_2019_2020\root\wp-content\plugins\wc-custom-add-to-cart-labels\wc-custom-add-to-cart-labels.php, na linha 172

2020-01-16T18:42:59+00:00 CRITICAL Uncaught Error: Call to a member function get_type() on string in C:\Users\Vagner Bom Jesus\Desktop\ASI_2019_2020\root\wp-content\plugins\wc-custom-add-to-cart-labels\wc-custom-add-to-cart-labels.php:172
Stack trace:
#0 C:\Users\Vagner Bom Jesus\Desktop\ASI_2019_2020\root\wp-includes\class-wp-hook.php(290): custom_woocommerce_product_add_to_cart_text('Comprar')
#1 C:\Users\Vagner Bom Jesus\Desktop\ASI_2019_2020\root\wp-includes\plugin.php(206): WP_Hook->apply_filters('Comprar', Array)
#2 C:\Users\Vagner Bom Jesus\Desktop\ASI_2019_2020\root\wp-content\plugins\woocommerce\includes\class-wc-product-simple.php(62): apply_filters('woocommerce_pro...', 'Comprar', Object(WC_Product_Simple))
#3 C:\Users\Vagner Bom Jesus\Desktop\ASI_2019_2020\root\wp-content\themes\oceanwp\inc\woocommerce\woocommerce-config.php(1316): WC_Product_Simple->add_to_cart_text()
#4 C:\Users\Vagner Bom Jesus\Desktop\ASI_2019_2020\root\wp-content\themes\oceanwp\inc\woocommerce\woocommerce-config.php(1295): OceanWP_WooCommerce_Config::floating_, em C:\Users\Vagner Bom Jesus\Desktop\ASI_2019_2020\root\wp-content\plugins\wc-custom-add-to-cart-labels\wc-custom-add-to-cart-labels.php, na linha 172

2020-01-16T18:43:49+00:00 CRITICAL Uncaught Error: Call to a member function get_type() on string in C:\Users\Vagner Bom Jesus\Desktop\ASI_2019_2020\root\wp-content\plugins\wc-custom-add-to-cart-labels\wc-custom-add-to-cart-labels.php:172
Stack trace:
#0 C:\Users\Vagner Bom Jesus\Desktop\ASI_2019_2020\root\wp-includes\class-wp-hook.php(290): custom_woocommerce_product_add_to_cart_text('Comprar')
#1 C:\Users\Vagner Bom Jesus\Desktop\ASI_2019_2020\root\wp-includes\plugin.php(206): WP_Hook->apply_filters('Comprar', Array)
#2 C:\Users\Vagner Bom Jesus\Desktop\ASI_2019_2020\root\wp-content\plugins\woocommerce\includes\class-wc-product-simple.php(62): apply_filters('woocommerce_pro...', 'Comprar', Object(WC_Product_Simple))
#3 C:\Users\Vagner Bom Jesus\Desktop\ASI_2019_2020\root\wp-content\themes\oceanwp\inc\woocommerce\woocommerce-config.php(1316): WC_Product_Simple->add_to_cart_text()
#4 C:\Users\Vagner Bom Jesus\Desktop\ASI_2019_2020\root\wp-content\themes\oceanwp\inc\woocommerce\woocommerce-config.php(1295): OceanWP_WooCommerce_Config::floating_, em C:\Users\Vagner Bom Jesus\Desktop\ASI_2019_2020\root\wp-content\plugins\wc-custom-add-to-cart-labels\wc-custom-add-to-cart-labels.php, na linha 172

2020-01-16T18:44:11+00:00 CRITICAL Uncaught Error: Call to a member function get_type() on string in C:\Users\Vagner Bom Jesus\Desktop\ASI_2019_2020\root\wp-content\plugins\wc-custom-add-to-cart-labels\wc-custom-add-to-cart-labels.php:172
Stack trace:
#0 C:\Users\Vagner Bom Jesus\Desktop\ASI_2019_2020\root\wp-includes\class-wp-hook.php(290): custom_woocommerce_product_add_to_cart_text('Comprar')
#1 C:\Users\Vagner Bom Jesus\Desktop\ASI_2019_2020\root\wp-includes\plugin.php(206): WP_Hook->apply_filters('Comprar', Array)
#2 C:\Users\Vagner Bom Jesus\Desktop\ASI_2019_2020\root\wp-content\plugins\woocommerce\includes\class-wc-product-simple.php(62): apply_filters('woocommerce_pro...', 'Comprar', Object(WC_Product_Simple))
#3 C:\Users\Vagner Bom Jesus\Desktop\ASI_2019_2020\root\wp-content\themes\oceanwp\inc\woocommerce\woocommerce-config.php(1316): WC_Product_Simple->add_to_cart_text()
#4 C:\Users\Vagner Bom Jesus\Desktop\ASI_2019_2020\root\wp-content\themes\oceanwp\inc\woocommerce\woocommerce-config.php(1295): OceanWP_WooCommerce_Config::floating_, em C:\Users\Vagner Bom Jesus\Desktop\ASI_2019_2020\root\wp-content\plugins\wc-custom-add-to-cart-labels\wc-custom-add-to-cart-labels.php, na linha 172

2020-01-16T18:45:32+00:00 CRITICAL Uncaught Error: Call to a member function get_type() on string in C:\Users\Vagner Bom Jesus\Desktop\ASI_2019_2020\root\wp-content\plugins\wc-custom-add-to-cart-labels\wc-custom-add-to-cart-labels.php:172
Stack trace:
#0 C:\Users\Vagner Bom Jesus\Desktop\ASI_2019_2020\root\wp-includes\class-wp-hook.php(290): custom_woocommerce_product_add_to_cart_text('Comprar')
#1 C:\Users\Vagner Bom Jesus\Desktop\ASI_2019_2020\root\wp-includes\plugin.php(206): WP_Hook->apply_filters('Comprar', Array)
#2 C:\Users\Vagner Bom Jesus\Desktop\ASI_2019_2020\root\wp-content\plugins\woocommerce\includes\class-wc-product-simple.php(62): apply_filters('woocommerce_pro...', 'Comprar', Object(WC_Product_Simple))
#3 C:\Users\Vagner Bom Jesus\Desktop\ASI_2019_2020\root\wp-content\themes\oceanwp\inc\woocommerce\woocommerce-config.php(1316): WC_Product_Simple->add_to_cart_text()
#4 C:\Users\Vagner Bom Jesus\Desktop\ASI_2019_2020\root\wp-content\themes\oceanwp\inc\woocommerce\woocommerce-config.php(1295): OceanWP_WooCommerce_Config::floating_, em C:\Users\Vagner Bom Jesus\Desktop\ASI_2019_2020\root\wp-content\plugins\wc-custom-add-to-cart-labels\wc-custom-add-to-cart-labels.php, na linha 172

2020-01-16T18:46:59+00:00 CRITICAL Uncaught Error: Call to a member function get_type() on string in C:\Users\Vagner Bom Jesus\Desktop\ASI_2019_2020\root\wp-content\plugins\wc-custom-add-to-cart-labels\wc-custom-add-to-cart-labels.php:172
Stack trace:
#0 C:\Users\Vagner Bom Jesus\Desktop\ASI_2019_2020\root\wp-includes\class-wp-hook.php(290): custom_woocommerce_product_add_to_cart_text('Comprar')
#1 C:\Users\Vagner Bom Jesus\Desktop\ASI_2019_2020\root\wp-includes\plugin.php(206): WP_Hook->apply_filters('Comprar', Array)
#2 C:\Users\Vagner Bom Jesus\Desktop\ASI_2019_2020\root\wp-content\plugins\woocommerce\includes\class-wc-product-simple.php(62): apply_filters('woocommerce_pro...', 'Comprar', Object(WC_Product_Simple))
#3 C:\Users\Vagner Bom Jesus\Desktop\ASI_2019_2020\root\wp-content\themes\oceanwp\inc\woocommerce\woocommerce-config.php(1316): WC_Product_Simple->add_to_cart_text()
#4 C:\Users\Vagner Bom Jesus\Desktop\ASI_2019_2020\root\wp-content\themes\oceanwp\inc\woocommerce\woocommerce-config.php(1295): OceanWP_WooCommerce_Config::floating_, em C:\Users\Vagner Bom Jesus\Desktop\ASI_2019_2020\root\wp-content\plugins\wc-custom-add-to-cart-labels\wc-custom-add-to-cart-labels.php, na linha 172

2020-01-16T19:08:53+00:00 CRITICAL Uncaught Error: Call to a member function get_type() on string in C:\Users\Vagner Bom Jesus\Desktop\ASI_2019_2020\root\wp-content\plugins\wc-custom-add-to-cart-labels\wc-custom-add-to-cart-labels.php:172
Stack trace:
#0 C:\Users\Vagner Bom Jesus\Desktop\ASI_2019_2020\root\wp-includes\class-wp-hook.php(290): custom_woocommerce_product_add_to_cart_text('Comprar')
#1 C:\Users\Vagner Bom Jesus\Desktop\ASI_2019_2020\root\wp-includes\plugin.php(206): WP_Hook->apply_filters('Comprar', Array)
#2 C:\Users\Vagner Bom Jesus\Desktop\ASI_2019_2020\root\wp-content\plugins\woocommerce\includes\class-wc-product-simple.php(62): apply_filters('woocommerce_pro...', 'Comprar', Object(WC_Product_Simple))
#3 C:\Users\Vagner Bom Jesus\Desktop\ASI_2019_2020\root\wp-content\themes\oceanwp\inc\woocommerce\woocommerce-config.php(1316): WC_Product_Simple->add_to_cart_text()
#4 C:\Users\Vagner Bom Jesus\Desktop\ASI_2019_2020\root\wp-content\themes\oceanwp\inc\woocommerce\woocommerce-config.php(1295): OceanWP_WooCommerce_Config::floating_, em C:\Users\Vagner Bom Jesus\Desktop\ASI_2019_2020\root\wp-content\plugins\wc-custom-add-to-cart-labels\wc-custom-add-to-cart-labels.php, na linha 172

2020-01-16T19:09:02+00:00 CRITICAL Uncaught Error: Call to a member function get_type() on string in C:\Users\Vagner Bom Jesus\Desktop\ASI_2019_2020\root\wp-content\plugins\wc-custom-add-to-cart-labels\wc-custom-add-to-cart-labels.php:172
Stack trace:
#0 C:\Users\Vagner Bom Jesus\Desktop\ASI_2019_2020\root\wp-includes\class-wp-hook.php(290): custom_woocommerce_product_add_to_cart_text('Comprar')
#1 C:\Users\Vagner Bom Jesus\Desktop\ASI_2019_2020\root\wp-includes\plugin.php(206): WP_Hook->apply_filters('Comprar', Array)
#2 C:\Users\Vagner Bom Jesus\Desktop\ASI_2019_2020\root\wp-content\plugins\woocommerce\includes\class-wc-product-simple.php(62): apply_filters('woocommerce_pro...', 'Comprar', Object(WC_Product_Simple))
#3 C:\Users\Vagner Bom Jesus\Desktop\ASI_2019_2020\root\wp-content\themes\oceanwp\inc\woocommerce\woocommerce-config.php(1316): WC_Product_Simple->add_to_cart_text()
#4 C:\Users\Vagner Bom Jesus\Desktop\ASI_2019_2020\root\wp-content\themes\oceanwp\inc\woocommerce\woocommerce-config.php(1295): OceanWP_WooCommerce_Config::floating_, em C:\Users\Vagner Bom Jesus\Desktop\ASI_2019_2020\root\wp-content\plugins\wc-custom-add-to-cart-labels\wc-custom-add-to-cart-labels.php, na linha 172

2020-01-16T19:09:08+00:00 CRITICAL Uncaught Error: Call to a member function get_type() on string in C:\Users\Vagner Bom Jesus\Desktop\ASI_2019_2020\root\wp-content\plugins\wc-custom-add-to-cart-labels\wc-custom-add-to-cart-labels.php:172
Stack trace:
#0 C:\Users\Vagner Bom Jesus\Desktop\ASI_2019_2020\root\wp-includes\class-wp-hook.php(290): custom_woocommerce_product_add_to_cart_text('Comprar')
#1 C:\Users\Vagner Bom Jesus\Desktop\ASI_2019_2020\root\wp-includes\plugin.php(206): WP_Hook->apply_filters('Comprar', Array)
#2 C:\Users\Vagner Bom Jesus\Desktop\ASI_2019_2020\root\wp-content\plugins\woocommerce\includes\class-wc-product-simple.php(62): apply_filters('woocommerce_pro...', 'Comprar', Object(WC_Product_Simple))
#3 C:\Users\Vagner Bom Jesus\Desktop\ASI_2019_2020\root\wp-content\themes\oceanwp\inc\woocommerce\woocommerce-config.php(1316): WC_Product_Simple->add_to_cart_text()
#4 C:\Users\Vagner Bom Jesus\Desktop\ASI_2019_2020\root\wp-content\themes\oceanwp\inc\woocommerce\woocommerce-config.php(1295): OceanWP_WooCommerce_Config::floating_, em C:\Users\Vagner Bom Jesus\Desktop\ASI_2019_2020\root\wp-content\plugins\wc-custom-add-to-cart-labels\wc-custom-add-to-cart-labels.php, na linha 172

2020-01-16T19:09:19+00:00 CRITICAL Uncaught Error: Call to a member function get_type() on string in C:\Users\Vagner Bom Jesus\Desktop\ASI_2019_2020\root\wp-content\plugins\wc-custom-add-to-cart-labels\wc-custom-add-to-cart-labels.php:172
Stack trace:
#0 C:\Users\Vagner Bom Jesus\Desktop\ASI_2019_2020\root\wp-includes\class-wp-hook.php(290): custom_woocommerce_product_add_to_cart_text('Comprar')
#1 C:\Users\Vagner Bom Jesus\Desktop\ASI_2019_2020\root\wp-includes\plugin.php(206): WP_Hook->apply_filters('Comprar', Array)
#2 C:\Users\Vagner Bom Jesus\Desktop\ASI_2019_2020\root\wp-content\plugins\woocommerce\includes\class-wc-product-simple.php(62): apply_filters('woocommerce_pro...', 'Comprar', Object(WC_Product_Simple))
#3 C:\Users\Vagner Bom Jesus\Desktop\ASI_2019_2020\root\wp-content\themes\oceanwp\inc\woocommerce\woocommerce-config.php(1316): WC_Product_Simple->add_to_cart_text()
#4 C:\Users\Vagner Bom Jesus\Desktop\ASI_2019_2020\root\wp-content\themes\oceanwp\inc\woocommerce\woocommerce-config.php(1295): OceanWP_WooCommerce_Config::floating_, em C:\Users\Vagner Bom Jesus\Desktop\ASI_2019_2020\root\wp-content\plugins\wc-custom-add-to-cart-labels\wc-custom-add-to-cart-labels.php, na linha 172

2020-01-16T19:09:34+00:00 CRITICAL Uncaught Error: Call to a member function get_type() on string in C:\Users\Vagner Bom Jesus\Desktop\ASI_2019_2020\root\wp-content\plugins\wc-custom-add-to-cart-labels\wc-custom-add-to-cart-labels.php:172
Stack trace:
#0 C:\Users\Vagner Bom Jesus\Desktop\ASI_2019_2020\root\wp-includes\class-wp-hook.php(290): custom_woocommerce_product_add_to_cart_text('Comprar')
#1 C:\Users\Vagner Bom Jesus\Desktop\ASI_2019_2020\root\wp-includes\plugin.php(206): WP_Hook->apply_filters('Comprar', Array)
#2 C:\Users\Vagner Bom Jesus\Desktop\ASI_2019_2020\root\wp-content\plugins\woocommerce\includes\class-wc-product-simple.php(62): apply_filters('woocommerce_pro...', 'Comprar', Object(WC_Product_Simple))
#3 C:\Users\Vagner Bom Jesus\Desktop\ASI_2019_2020\root\wp-content\themes\oceanwp\inc\woocommerce\woocommerce-config.php(1316): WC_Product_Simple->add_to_cart_text()
#4 C:\Users\Vagner Bom Jesus\Desktop\ASI_2019_2020\root\wp-content\themes\oceanwp\inc\woocommerce\woocommerce-config.php(1295): OceanWP_WooCommerce_Config::floating_, em C:\Users\Vagner Bom Jesus\Desktop\ASI_2019_2020\root\wp-content\plugins\wc-custom-add-to-cart-labels\wc-custom-add-to-cart-labels.php, na linha 172

2020-01-16T19:09:55+00:00 CRITICAL Uncaught Error: Call to a member function get_type() on string in C:\Users\Vagner Bom Jesus\Desktop\ASI_2019_2020\root\wp-content\plugins\wc-custom-add-to-cart-labels\wc-custom-add-to-cart-labels.php:172
Stack trace:
#0 C:\Users\Vagner Bom Jesus\Desktop\ASI_2019_2020\root\wp-includes\class-wp-hook.php(290): custom_woocommerce_product_add_to_cart_text('Comprar')
#1 C:\Users\Vagner Bom Jesus\Desktop\ASI_2019_2020\root\wp-includes\plugin.php(206): WP_Hook->apply_filters('Comprar', Array)
#2 C:\Users\Vagner Bom Jesus\Desktop\ASI_2019_2020\root\wp-content\plugins\woocommerce\includes\class-wc-product-simple.php(62): apply_filters('woocommerce_pro...', 'Comprar', Object(WC_Product_Simple))
#3 C:\Users\Vagner Bom Jesus\Desktop\ASI_2019_2020\root\wp-content\themes\oceanwp\inc\woocommerce\woocommerce-config.php(1316): WC_Product_Simple->add_to_cart_text()
#4 C:\Users\Vagner Bom Jesus\Desktop\ASI_2019_2020\root\wp-content\themes\oceanwp\inc\woocommerce\woocommerce-config.php(1295): OceanWP_WooCommerce_Config::floating_, em C:\Users\Vagner Bom Jesus\Desktop\ASI_2019_2020\root\wp-content\plugins\wc-custom-add-to-cart-labels\wc-custom-add-to-cart-labels.php, na linha 172

2020-01-16T19:10:11+00:00 CRITICAL Uncaught Error: Call to a member function get_type() on string in C:\Users\Vagner Bom Jesus\Desktop\ASI_2019_2020\root\wp-content\plugins\wc-custom-add-to-cart-labels\wc-custom-add-to-cart-labels.php:172
Stack trace:
#0 C:\Users\Vagner Bom Jesus\Desktop\ASI_2019_2020\root\wp-includes\class-wp-hook.php(290): custom_woocommerce_product_add_to_cart_text('Comprar')
#1 C:\Users\Vagner Bom Jesus\Desktop\ASI_2019_2020\root\wp-includes\plugin.php(206): WP_Hook->apply_filters('Comprar', Array)
#2 C:\Users\Vagner Bom Jesus\Desktop\ASI_2019_2020\root\wp-content\plugins\woocommerce\includes\class-wc-product-simple.php(62): apply_filters('woocommerce_pro...', 'Comprar', Object(WC_Product_Simple))
#3 C:\Users\Vagner Bom Jesus\Desktop\ASI_2019_2020\root\wp-content\themes\oceanwp\inc\woocommerce\woocommerce-config.php(1316): WC_Product_Simple->add_to_cart_text()
#4 C:\Users\Vagner Bom Jesus\Desktop\ASI_2019_2020\root\wp-content\themes\oceanwp\inc\woocommerce\woocommerce-config.php(1295): OceanWP_WooCommerce_Config::floating_, em C:\Users\Vagner Bom Jesus\Desktop\ASI_2019_2020\root\wp-content\plugins\wc-custom-add-to-cart-labels\wc-custom-add-to-cart-labels.php, na linha 172

2020-01-16T19:10:21+00:00 CRITICAL Uncaught Error: Call to a member function get_type() on string in C:\Users\Vagner Bom Jesus\Desktop\ASI_2019_2020\root\wp-content\plugins\wc-custom-add-to-cart-labels\wc-custom-add-to-cart-labels.php:172
Stack trace:
#0 C:\Users\Vagner Bom Jesus\Desktop\ASI_2019_2020\root\wp-includes\class-wp-hook.php(290): custom_woocommerce_product_add_to_cart_text('Comprar')
#1 C:\Users\Vagner Bom Jesus\Desktop\ASI_2019_2020\root\wp-includes\plugin.php(206): WP_Hook->apply_filters('Comprar', Array)
#2 C:\Users\Vagner Bom Jesus\Desktop\ASI_2019_2020\root\wp-content\plugins\woocommerce\includes\class-wc-product-simple.php(62): apply_filters('woocommerce_pro...', 'Comprar', Object(WC_Product_Simple))
#3 C:\Users\Vagner Bom Jesus\Desktop\ASI_2019_2020\root\wp-content\themes\oceanwp\inc\woocommerce\woocommerce-config.php(1316): WC_Product_Simple->add_to_cart_text()
#4 C:\Users\Vagner Bom Jesus\Desktop\ASI_2019_2020\root\wp-content\themes\oceanwp\inc\woocommerce\woocommerce-config.php(1295): OceanWP_WooCommerce_Config::floating_, em C:\Users\Vagner Bom Jesus\Desktop\ASI_2019_2020\root\wp-content\plugins\wc-custom-add-to-cart-labels\wc-custom-add-to-cart-labels.php, na linha 172

2020-01-16T19:10:27+00:00 CRITICAL Uncaught Error: Call to a member function get_type() on string in C:\Users\Vagner Bom Jesus\Desktop\ASI_2019_2020\root\wp-content\plugins\wc-custom-add-to-cart-labels\wc-custom-add-to-cart-labels.php:172
Stack trace:
#0 C:\Users\Vagner Bom Jesus\Desktop\ASI_2019_2020\root\wp-includes\class-wp-hook.php(290): custom_woocommerce_product_add_to_cart_text('Comprar')
#1 C:\Users\Vagner Bom Jesus\Desktop\ASI_2019_2020\root\wp-includes\plugin.php(206): WP_Hook->apply_filters('Comprar', Array)
#2 C:\Users\Vagner Bom Jesus\Desktop\ASI_2019_2020\root\wp-content\plugins\woocommerce\includes\class-wc-product-simple.php(62): apply_filters('woocommerce_pro...', 'Comprar', Object(WC_Product_Simple))
#3 C:\Users\Vagner Bom Jesus\Desktop\ASI_2019_2020\root\wp-content\themes\oceanwp\inc\woocommerce\woocommerce-config.php(1316): WC_Product_Simple->add_to_cart_text()
#4 C:\Users\Vagner Bom Jesus\Desktop\ASI_2019_2020\root\wp-content\themes\oceanwp\inc\woocommerce\woocommerce-config.php(1295): OceanWP_WooCommerce_Config::floating_, em C:\Users\Vagner Bom Jesus\Desktop\ASI_2019_2020\root\wp-content\plugins\wc-custom-add-to-cart-labels\wc-custom-add-to-cart-labels.php, na linha 172

2020-01-16T19:11:01+00:00 CRITICAL Uncaught Error: Call to a member function get_type() on string in C:\Users\Vagner Bom Jesus\Desktop\ASI_2019_2020\root\wp-content\plugins\wc-custom-add-to-cart-labels\wc-custom-add-to-cart-labels.php:172
Stack trace:
#0 C:\Users\Vagner Bom Jesus\Desktop\ASI_2019_2020\root\wp-includes\class-wp-hook.php(290): custom_woocommerce_product_add_to_cart_text('Comprar')
#1 C:\Users\Vagner Bom Jesus\Desktop\ASI_2019_2020\root\wp-includes\plugin.php(206): WP_Hook->apply_filters('Comprar', Array)
#2 C:\Users\Vagner Bom Jesus\Desktop\ASI_2019_2020\root\wp-content\plugins\woocommerce\includes\class-wc-product-simple.php(62): apply_filters('woocommerce_pro...', 'Comprar', Object(WC_Product_Simple))
#3 C:\Users\Vagner Bom Jesus\Desktop\ASI_2019_2020\root\wp-content\themes\oceanwp\inc\woocommerce\woocommerce-config.php(1316): WC_Product_Simple->add_to_cart_text()
#4 C:\Users\Vagner Bom Jesus\Desktop\ASI_2019_2020\root\wp-content\themes\oceanwp\inc\woocommerce\woocommerce-config.php(1295): OceanWP_WooCommerce_Config::floating_, em C:\Users\Vagner Bom Jesus\Desktop\ASI_2019_2020\root\wp-content\plugins\wc-custom-add-to-cart-labels\wc-custom-add-to-cart-labels.php, na linha 172

2020-01-16T19:11:30+00:00 CRITICAL Uncaught Error: Call to a member function get_type() on string in C:\Users\Vagner Bom Jesus\Desktop\ASI_2019_2020\root\wp-content\plugins\wc-custom-add-to-cart-labels\wc-custom-add-to-cart-labels.php:172
Stack trace:
#0 C:\Users\Vagner Bom Jesus\Desktop\ASI_2019_2020\root\wp-includes\class-wp-hook.php(290): custom_woocommerce_product_add_to_cart_text('Comprar')
#1 C:\Users\Vagner Bom Jesus\Desktop\ASI_2019_2020\root\wp-includes\plugin.php(206): WP_Hook->apply_filters('Comprar', Array)
#2 C:\Users\Vagner Bom Jesus\Desktop\ASI_2019_2020\root\wp-content\plugins\woocommerce\includes\class-wc-product-simple.php(62): apply_filters('woocommerce_pro...', 'Comprar', Object(WC_Product_Simple))
#3 C:\Users\Vagner Bom Jesus\Desktop\ASI_2019_2020\root\wp-content\themes\oceanwp\inc\woocommerce\woocommerce-config.php(1316): WC_Product_Simple->add_to_cart_text()
#4 C:\Users\Vagner Bom Jesus\Desktop\ASI_2019_2020\root\wp-content\themes\oceanwp\inc\woocommerce\woocommerce-config.php(1295): OceanWP_WooCommerce_Config::floating_, em C:\Users\Vagner Bom Jesus\Desktop\ASI_2019_2020\root\wp-content\plugins\wc-custom-add-to-cart-labels\wc-custom-add-to-cart-labels.php, na linha 172

2020-01-16T19:24:11+00:00 CRITICAL Uncaught Error: Call to a member function get_type() on string in C:\Users\Vagner Bom Jesus\Desktop\ASI_2019_2020\root\wp-content\plugins\wc-custom-add-to-cart-labels\wc-custom-add-to-cart-labels.php:172
Stack trace:
#0 C:\Users\Vagner Bom Jesus\Desktop\ASI_2019_2020\root\wp-includes\class-wp-hook.php(290): custom_woocommerce_product_add_to_cart_text('Comprar')
#1 C:\Users\Vagner Bom Jesus\Desktop\ASI_2019_2020\root\wp-includes\plugin.php(206): WP_Hook->apply_filters('Comprar', Array)
#2 C:\Users\Vagner Bom Jesus\Desktop\ASI_2019_2020\root\wp-content\plugins\woocommerce\includes\class-wc-product-simple.php(62): apply_filters('woocommerce_pro...', 'Comprar', Object(WC_Product_Simple))
#3 C:\Users\Vagner Bom Jesus\Desktop\ASI_2019_2020\root\wp-content\themes\oceanwp\inc\woocommerce\woocommerce-config.php(1316): WC_Product_Simple->add_to_cart_text()
#4 C:\Users\Vagner Bom Jesus\Desktop\ASI_2019_2020\root\wp-content\themes\oceanwp\inc\woocommerce\woocommerce-config.php(1295): OceanWP_WooCommerce_Config::floating_, em C:\Users\Vagner Bom Jesus\Desktop\ASI_2019_2020\root\wp-content\plugins\wc-custom-add-to-cart-labels\wc-custom-add-to-cart-labels.php, na linha 172

2020-01-16T19:26:39+00:00 CRITICAL Uncaught Error: Call to a member function get_type() on string in C:\Users\Vagner Bom Jesus\Desktop\ASI_2019_2020\root\wp-content\plugins\wc-custom-add-to-cart-labels\wc-custom-add-to-cart-labels.php:172
Stack trace:
#0 C:\Users\Vagner Bom Jesus\Desktop\ASI_2019_2020\root\wp-includes\class-wp-hook.php(290): custom_woocommerce_product_add_to_cart_text('Comprar')
#1 C:\Users\Vagner Bom Jesus\Desktop\ASI_2019_2020\root\wp-includes\plugin.php(206): WP_Hook->apply_filters('Comprar', Array)
#2 C:\Users\Vagner Bom Jesus\Desktop\ASI_2019_2020\root\wp-content\plugins\woocommerce\includes\class-wc-product-simple.php(62): apply_filters('woocommerce_pro...', 'Comprar', Object(WC_Product_Simple))
#3 C:\Users\Vagner Bom Jesus\Desktop\ASI_2019_2020\root\wp-content\themes\oceanwp\inc\woocommerce\woocommerce-config.php(1316): WC_Product_Simple->add_to_cart_text()
#4 C:\Users\Vagner Bom Jesus\Desktop\ASI_2019_2020\root\wp-content\themes\oceanwp\inc\woocommerce\woocommerce-config.php(1295): OceanWP_WooCommerce_Config::floating_, em C:\Users\Vagner Bom Jesus\Desktop\ASI_2019_2020\root\wp-content\plugins\wc-custom-add-to-cart-labels\wc-custom-add-to-cart-labels.php, na linha 172

2020-01-16T19:36:35+00:00 CRITICAL Uncaught Error: Call to a member function get_type() on string in C:\Users\Vagner Bom Jesus\Desktop\ASI_2019_2020\root\wp-content\plugins\wc-custom-add-to-cart-labels\wc-custom-add-to-cart-labels.php:172
Stack trace:
#0 C:\Users\Vagner Bom Jesus\Desktop\ASI_2019_2020\root\wp-includes\class-wp-hook.php(290): custom_woocommerce_product_add_to_cart_text('Comprar')
#1 C:\Users\Vagner Bom Jesus\Desktop\ASI_2019_2020\root\wp-includes\plugin.php(206): WP_Hook->apply_filters('Comprar', Array)
#2 C:\Users\Vagner Bom Jesus\Desktop\ASI_2019_2020\root\wp-content\plugins\woocommerce\includes\class-wc-product-simple.php(62): apply_filters('woocommerce_pro...', 'Comprar', Object(WC_Product_Simple))
#3 C:\Users\Vagner Bom Jesus\Desktop\ASI_2019_2020\root\wp-content\themes\oceanwp\inc\woocommerce\woocommerce-config.php(1316): WC_Product_Simple->add_to_cart_text()
#4 C:\Users\Vagner Bom Jesus\Desktop\ASI_2019_2020\root\wp-content\themes\oceanwp\inc\woocommerce\woocommerce-config.php(1295): OceanWP_WooCommerce_Config::floating_, em C:\Users\Vagner Bom Jesus\Desktop\ASI_2019_2020\root\wp-content\plugins\wc-custom-add-to-cart-labels\wc-custom-add-to-cart-labels.php, na linha 172

2020-01-16T19:41:14+00:00 CRITICAL Uncaught Error: Call to a member function get_type() on string in C:\Users\Vagner Bom Jesus\Desktop\ASI_2019_2020\root\wp-content\plugins\wc-custom-add-to-cart-labels\wc-custom-add-to-cart-labels.php:172
Stack trace:
#0 C:\Users\Vagner Bom Jesus\Desktop\ASI_2019_2020\root\wp-includes\class-wp-hook.php(290): custom_woocommerce_product_add_to_cart_text('Comprar')
#1 C:\Users\Vagner Bom Jesus\Desktop\ASI_2019_2020\root\wp-includes\plugin.php(206): WP_Hook->apply_filters('Comprar', Array)
#2 C:\Users\Vagner Bom Jesus\Desktop\ASI_2019_2020\root\wp-content\plugins\woocommerce\includes\class-wc-product-simple.php(62): apply_filters('woocommerce_pro...', 'Comprar', Object(WC_Product_Simple))
#3 C:\Users\Vagner Bom Jesus\Desktop\ASI_2019_2020\root\wp-content\themes\oceanwp\inc\woocommerce\woocommerce-config.php(1316): WC_Product_Simple->add_to_cart_text()
#4 C:\Users\Vagner Bom Jesus\Desktop\ASI_2019_2020\root\wp-content\themes\oceanwp\inc\woocommerce\woocommerce-config.php(1295): OceanWP_WooCommerce_Config::floating_, em C:\Users\Vagner Bom Jesus\Desktop\ASI_2019_2020\root\wp-content\plugins\wc-custom-add-to-cart-labels\wc-custom-add-to-cart-labels.php, na linha 172

2020-01-16T19:46:53+00:00 CRITICAL Uncaught Error: Call to a member function get_type() on string in C:\Users\Vagner Bom Jesus\Desktop\ASI_2019_2020\root\wp-content\plugins\wc-custom-add-to-cart-labels\wc-custom-add-to-cart-labels.php:172
Stack trace:
#0 C:\Users\Vagner Bom Jesus\Desktop\ASI_2019_2020\root\wp-includes\class-wp-hook.php(290): custom_woocommerce_product_add_to_cart_text('Comprar')
#1 C:\Users\Vagner Bom Jesus\Desktop\ASI_2019_2020\root\wp-includes\plugin.php(206): WP_Hook->apply_filters('Comprar', Array)
#2 C:\Users\Vagner Bom Jesus\Desktop\ASI_2019_2020\root\wp-content\plugins\woocommerce\includes\class-wc-product-simple.php(62): apply_filters('woocommerce_pro...', 'Comprar', Object(WC_Product_Simple))
#3 C:\Users\Vagner Bom Jesus\Desktop\ASI_2019_2020\root\wp-content\themes\oceanwp\inc\woocommerce\woocommerce-config.php(1316): WC_Product_Simple->add_to_cart_text()
#4 C:\Users\Vagner Bom Jesus\Desktop\ASI_2019_2020\root\wp-content\themes\oceanwp\inc\woocommerce\woocommerce-config.php(1295): OceanWP_WooCommerce_Config::floating_, em C:\Users\Vagner Bom Jesus\Desktop\ASI_2019_2020\root\wp-content\plugins\wc-custom-add-to-cart-labels\wc-custom-add-to-cart-labels.php, na linha 172

2020-01-16T19:52:11+00:00 CRITICAL Uncaught Error: Call to a member function get_type() on string in C:\Users\Vagner Bom Jesus\Desktop\ASI_2019_2020\root\wp-content\plugins\wc-custom-add-to-cart-labels\wc-custom-add-to-cart-labels.php:172
Stack trace:
#0 C:\Users\Vagner Bom Jesus\Desktop\ASI_2019_2020\root\wp-includes\class-wp-hook.php(290): custom_woocommerce_product_add_to_cart_text('Comprar')
#1 C:\Users\Vagner Bom Jesus\Desktop\ASI_2019_2020\root\wp-includes\plugin.php(206): WP_Hook->apply_filters('Comprar', Array)
#2 C:\Users\Vagner Bom Jesus\Desktop\ASI_2019_2020\root\wp-content\plugins\woocommerce\includes\class-wc-product-simple.php(62): apply_filters('woocommerce_pro...', 'Comprar', Object(WC_Product_Simple))
#3 C:\Users\Vagner Bom Jesus\Desktop\ASI_2019_2020\root\wp-content\themes\oceanwp\inc\woocommerce\woocommerce-config.php(1316): WC_Product_Simple->add_to_cart_text()
#4 C:\Users\Vagner Bom Jesus\Desktop\ASI_2019_2020\root\wp-content\themes\oceanwp\inc\woocommerce\woocommerce-config.php(1295): OceanWP_WooCommerce_Config::floating_, em C:\Users\Vagner Bom Jesus\Desktop\ASI_2019_2020\root\wp-content\plugins\wc-custom-add-to-cart-labels\wc-custom-add-to-cart-labels.php, na linha 172

2020-01-16T20:10:01+00:00 CRITICAL Uncaught Error: Call to a member function get_type() on string in C:\Users\Vagner Bom Jesus\Desktop\ASI_2019_2020\root\wp-content\plugins\wc-custom-add-to-cart-labels\wc-custom-add-to-cart-labels.php:172
Stack trace:
#0 C:\Users\Vagner Bom Jesus\Desktop\ASI_2019_2020\root\wp-includes\class-wp-hook.php(290): custom_woocommerce_product_add_to_cart_text('Comprar')
#1 C:\Users\Vagner Bom Jesus\Desktop\ASI_2019_2020\root\wp-includes\plugin.php(206): WP_Hook->apply_filters('Comprar', Array)
#2 C:\Users\Vagner Bom Jesus\Desktop\ASI_2019_2020\root\wp-content\plugins\woocommerce\includes\class-wc-product-simple.php(62): apply_filters('woocommerce_pro...', 'Comprar', Object(WC_Product_Simple))
#3 C:\Users\Vagner Bom Jesus\Desktop\ASI_2019_2020\root\wp-content\themes\oceanwp\inc\woocommerce\woocommerce-config.php(1316): WC_Product_Simple->add_to_cart_text()
#4 C:\Users\Vagner Bom Jesus\Desktop\ASI_2019_2020\root\wp-content\themes\oceanwp\inc\woocommerce\woocommerce-config.php(1295): OceanWP_WooCommerce_Config::floating_, em C:\Users\Vagner Bom Jesus\Desktop\ASI_2019_2020\root\wp-content\plugins\wc-custom-add-to-cart-labels\wc-custom-add-to-cart-labels.php, na linha 172

